Info: CustomCategory:view_for_all_epf_practices: 35 mini seconds publishing element
Info: SupportingMaterial:welcome: 14 mini seconds publishing element
Info: CustomCategory:getting_started_list: 6 mini seconds publishing element
Info: Concept:basic_process_concepts: 27 mini seconds publishing element
Info: Concept:practice: 5 mini seconds publishing element
Info: SupportingMaterial:resources_for_contributing_to_epf: 7 mini seconds publishing element
Info: CustomCategory:practices: 5 mini seconds publishing element
Info: CustomCategory:agile_kernel: 5 mini seconds publishing element
Info: Practice:concurrent_testing: 18 mini seconds publishing element
Info: Roadmap:how_to_adopt_concurrent_testing: 5 mini seconds publishing element
Info: Concept:test_ideas: 8 mini seconds publishing element
Info: Concept:testing_qualitative_rqmts: 7 mini seconds publishing element
Info: Artifact:test_case: 12 mini seconds publishing element
Info: Artifact:test_log: 14 mini seconds publishing element
Info: Artifact:test_script: 10 mini seconds publishing element
Info: SupportingMaterial:epf_copyright: 13 mini seconds publishing element
Info: Task:create_test_cases: 18 mini seconds publishing element
Info: Task:implement_tests: 17 mini seconds publishing element
Info: Task:run_tests: 18 mini seconds publishing element
Info: Guideline:maintaining_automated_test_suite: 7 mini seconds publishing element
Info: Guideline:programming_automated_tests: 6 mini seconds publishing element
Info: Guideline:test_ideas: 7 mini seconds publishing element
Info: Guideline:test_suite: 7 mini seconds publishing element
Info: Practice:continous_integration: 10 mini seconds publishing element
Info: Roadmap:how_to_adopt_continuous_integration: 6 mini seconds publishing element
Info: Concept:change_requests: 4 mini seconds publishing element
Info: Concept:change_set: 8 mini seconds publishing element
Info: Concept:workspace: 6 mini seconds publishing element
Info: Artifact:build: 16 mini seconds publishing element
Info: Task:integrate_and_create_build: 16 mini seconds publishing element
Info: Guideline:continuous_integration: 8 mini seconds publishing element
Info: Guideline:promoting_changes: 7 mini seconds publishing element
Info: Practice:iterative_development: 19 mini seconds publishing element
Info: Roadmap:how_to_adopt: 6 mini seconds publishing element
Info: Concept:iteration_lifecycle: 21 mini seconds publishing element
Info: Concept:micro_increments: 8 mini seconds publishing element
Info: Concept:retrospective: 7 mini seconds publishing element
Info: Concept:iteration: 18 mini seconds publishing element
Info: Artifact:iteration_plan: 20 mini seconds publishing element
Info: Artifact:work_items_list: 26 mini seconds publishing element
Info: Artifact:risk_list: 16 mini seconds publishing element
Info: Task:assess_results: 26 mini seconds publishing element
Info: Task:manage_iteration: 25 mini seconds publishing element
Info: Task:plan_iteration: 25 mini seconds publishing element
Info: Report:iteration_burndown: 6 mini seconds publishing element
Info: Guideline:agile_estimation: 10 mini seconds publishing element
Info: Guideline:assign_changes_to_iteration: 6 mini seconds publishing element
Info: Guideline:conduct_retrospective: 9 mini seconds publishing element
Info: Guideline:iteration_assessment: 7 mini seconds publishing element
Info: Guideline:iteration_planning: 7 mini seconds publishing element
Info: Guideline:managing_risks: 8 mini seconds publishing element
Info: Guideline:managing_work_items: 17 mini seconds publishing element
Info: Guideline:prioritizing_work_items: 6 mini seconds publishing element
Info: Practice:release_planning: 14 mini seconds publishing element
Info: Roadmap:how_to_adopt: 6 mini seconds publishing element
Info: Concept:metrics: 6 mini seconds publishing element
Info: Artifact:project_plan: 19 mini seconds publishing element
Info: Task:plan_the_project: 25 mini seconds publishing element
Info: Report:project_burndown: 6 mini seconds publishing element
Info: Guideline:staffing_project: 10 mini seconds publishing element
Info: Practice:whole_team: 7 mini seconds publishing element
Info: Roadmap:how_to_adopt: 7 mini seconds publishing element
Info: Concept:whole_team: 6 mini seconds publishing element
Info: Guideline:daily_meetings: 8 mini seconds publishing element
Info: Guideline:maintain_a_sustainable_pace: 6 mini seconds publishing element
Info: Guideline:self_organize_work_assignments: 9 mini seconds publishing element
Info: CustomCategory:epf_practices_for_scaling_agility: 5 mini seconds publishing element
Info: Practice:evolutionary_arch: 12 mini seconds publishing element
Info: Roadmap:how_to_adopt_evolutionary_arch_practice: 7 mini seconds publishing element
Info: Concept:arch_mechanism: 21 mini seconds publishing element
Info: Concept:arch_views_viewpoints: 6 mini seconds publishing element
Info: Concept:software_architecture: 19 mini seconds publishing element
Info: Artifact:architecture_notebook: 17 mini seconds publishing element
Info: Task:envision_the_arch: 28 mini seconds publishing element
Info: Task:refine_the_arch: 26 mini seconds publishing element
Info: Guideline:abstract_away_complexity: 9 mini seconds publishing element
Info: Guideline:modeling_the_arch: 11 mini seconds publishing element
Info: Guideline:software_reuse: 16 mini seconds publishing element
Info: Practice:evolutionary_design: 20 mini seconds publishing element
Info: Roadmap:how_to_adopt_evolutionary_design: 7 mini seconds publishing element
Info: Concept:design: 11 mini seconds publishing element
Info: Concept:design_mechanism: 7 mini seconds publishing element
Info: Concept:implementation_mechanism: 6 mini seconds publishing element
Info: Concept:requirements_realization: 8 mini seconds publishing element
Info: Artifact:design: 20 mini seconds publishing element
Info: Task:design_solution: 30 mini seconds publishing element
Info: SupportingMaterial:using_ed_in_context: 12 mini seconds publishing element
Info: Guideline:analyze_the_design: 12 mini seconds publishing element
Info: Guideline:evolve_the_design: 16 mini seconds publishing element
Info: Guideline:refactoring: 10 mini seconds publishing element
Info: Practice:risk_value_lifecycle: 13 mini seconds publishing element
Info: Roadmap:how_to_adopt: 9 mini seconds publishing element
Info: Concept:project_lifecycle: 20 mini seconds publishing element
Info: Concept:phase_milestones: 14 mini seconds publishing element
Info: Concept:inception_phase: 8 mini seconds publishing element
Info: Concept:elaboration_phase: 9 mini seconds publishing element
Info: Concept:construction_phase: 8 mini seconds publishing element
Info: Concept:transition_phase: 7 mini seconds publishing element
Info: CapabilityPattern:risk_value_lifecycle_phases: 144 mini seconds publishing element
Info: CapabilityPattern:risk_value_lifecycle_phases: 122 mini seconds publishing process specific layout data
Info: Phase:inception_phase: 29 mini seconds publishing element
Info: Iteration:inception_iteration: 43 mini seconds publishing element
Info: Milestone:Lifecycle Objectives Milestone: 14 mini seconds publishing element
Info: Phase:elaboration_phase: 38 mini seconds publishing element
Info: Iteration:elaboration_iteration: 43 mini seconds publishing element
Info: Milestone:Lifecycle Architecture Milestone: 7 mini seconds publishing element
Info: Phase:construction_phase: 46 mini seconds publishing element
Info: Iteration:construction_iteration: 47 mini seconds publishing element
Info: Milestone:Initial Operational Capability: 9 mini seconds publishing element
Info: Phase:transition_phase: 34 mini seconds publishing element
Info: Iteration:transition_iteration: 42 mini seconds publishing element
Info: Milestone:Product Release Milestone: 6 mini seconds publishing element
Info: Practice:shared_vision: 14 mini seconds publishing element
Info: Roadmap:how_to_adopt: 6 mini seconds publishing element
Info: Artifact:vision: 19 mini seconds publishing element
Info: Artifact:glossary: 25 mini seconds publishing element
Info: Task:develop_technical_vision: 21 mini seconds publishing element
Info: Guideline:req_gathering_techniques: 24 mini seconds publishing element
Info: Guideline:effective_req_reviews: 11 mini seconds publishing element
Info: Practice:team_change_mgmt: 11 mini seconds publishing element
Info: Roadmap:how_to_adopt: 5 mini seconds publishing element
Info: Task:request_change: 14 mini seconds publishing element
Info: Guideline:submitting_change_requests: 7 mini seconds publishing element
Info: Example:work_items_list: 10 mini seconds publishing element
Info: Practice:test_driven_dev: 21 mini seconds publishing element
Info: Roadmap:adopt_tdd_practice: 10 mini seconds publishing element
Info: Concept:coding_standard: 5 mini seconds publishing element
Info: Concept:collective_code_ownership: 7 mini seconds publishing element
Info: Concept:developer_testing: 9 mini seconds publishing element
Info: Concept:refactoring: 9 mini seconds publishing element
Info: Artifact:developer_test: 14 mini seconds publishing element
Info: Artifact:implementation: 21 mini seconds publishing element
Info: Task:implement_developer_tests: 18 mini seconds publishing element
Info: Task:implement_solution: 30 mini seconds publishing element
Info: Task:run_developer_tests: 17 mini seconds publishing element
Info: SupportingMaterial:using_tdd_in_context: 14 mini seconds publishing element
Info: Guideline:developer_testing: 11 mini seconds publishing element
Info: Guideline:mapping_design_to_code: 6 mini seconds publishing element
Info: Guideline:test_driven_development: 17 mini seconds publishing element
Info: Practice:use_case_driven_dev_practice: 14 mini seconds publishing element
Info: Roadmap:how_to_adopt: 5 mini seconds publishing element
Info: Concept:requirements: 7 mini seconds publishing element
Info: Concept:use_case: 26 mini seconds publishing element
Info: Concept:actor: 13 mini seconds publishing element
Info: Concept:use_case_model: 9 mini seconds publishing element
Info: Artifact:use_case: 29 mini seconds publishing element
Info: Artifact:use_case_model: 23 mini seconds publishing element
Info: Artifact:system_wide_requirements: 22 mini seconds publishing element
Info: Task:identify_and_outline_requirements: 23 mini seconds publishing element
Info: Task:detail_use_case_scenarios: 19 mini seconds publishing element
Info: Task:detail_system_wide_requirements: 15 mini seconds publishing element
Info: Guideline:detail_ucs_and_scenarios: 14 mini seconds publishing element
Info: Guideline:identify_and_outline_actors_and_ucs: 8 mini seconds publishing element
Info: Guideline:system_wide_requirements: 11 mini seconds publishing element
Info: Guideline:uc_realizations: 16 mini seconds publishing element
Info: Practice:production_release: 22 mini seconds publishing element
Info: Roadmap:how_to_adopt_production_release: 6 mini seconds publishing element
Info: Concept:release_iteration: 5 mini seconds publishing element
Info: Artifact:backout_plan: 12 mini seconds publishing element
Info: Artifact:deployment_plan: 14 mini seconds publishing element
Info: Artifact:infrastructure: 10 mini seconds publishing element
Info: Artifact:release_communications: 11 mini seconds publishing element
Info: Artifact:release_controls: 12 mini seconds publishing element
Info: Deliverable:release: 186 mini seconds publishing element
Info: Task:review_conform_to_release_controls: 13 mini seconds publishing element
Info: Task:install_validate_infrastructure: 14 mini seconds publishing element
Info: Task:plan_deployment: 15 mini seconds publishing element
Info: Task:develop_backout_plan: 13 mini seconds publishing element
Info: Task:develop_release_communications: 13 mini seconds publishing element
Info: Task:package_the_release: 14 mini seconds publishing element
Info: Task:execute_deployment_plan: 12 mini seconds publishing element
Info: Task:verify_successful_deployment: 12 mini seconds publishing element
Info: Task:execute_backout_plan: 15 mini seconds publishing element
Info: Task:deliver_release_communications: 13 mini seconds publishing element
Info: Checklist:deployment_plan: 9 mini seconds publishing element
Info: CustomCategory:additional_practices: 6 mini seconds publishing element
Info: Practice:abrd: 65 mini seconds publishing element
Info: Roadmap:how_to_adopt_abrd: 5 mini seconds publishing element
Info: Concept:cycle_approach: 44 mini seconds publishing element
Info: Concept:rdf_owl: 6 mini seconds publishing element
Info: Artifact:brms_organization_chart: 10 mini seconds publishing element
Info: Artifact:business_event_description: 7 mini seconds publishing element
Info: Artifact:business_process_map: 18 mini seconds publishing element
Info: Artifact:business_terms_glossary: 11 mini seconds publishing element
Info: Artifact:conceptual_data_model: 6 mini seconds publishing element
Info: Artifact:decision_point_table: 15 mini seconds publishing element
Info: Artifact:decision_service_architecture: 10 mini seconds publishing element
Info: Artifact:discovery_workshop_itinerary: 21 mini seconds publishing element
Info: Artifact:executable_object_model: 7 mini seconds publishing element
Info: Artifact:fact_model: 12 mini seconds publishing element
Info: Artifact:logical_data_model: 15 mini seconds publishing element
Info: Artifact:rsm_report: 6 mini seconds publishing element
Info: Artifact:rule_description_doc: 22 mini seconds publishing element
Info: Artifact:rule_discovery_roadmap: 8 mini seconds publishing element
Info: Artifact:rule_governance_actors: 9 mini seconds publishing element
Info: Artifact:rule_life_cycle: 13 mini seconds publishing element
Info: Artifact:rule_meta_properties: 18 mini seconds publishing element
Info: Artifact:rule_report: 8 mini seconds publishing element
Info: Artifact:rule_repository: 6 mini seconds publishing element
Info: Artifact:rule_repository_in_db: 9 mini seconds publishing element
Info: Artifact:rule_set_life_cycle: 5 mini seconds publishing element
Info: Artifact:ruleset: 14 mini seconds publishing element
Info: Artifact:ruleset_table: 6 mini seconds publishing element
Info: Artifact:sme_recommendations: 6 mini seconds publishing element
Info: Task:build_object_models: 14 mini seconds publishing element
Info: Task:build_rule_project_structure: 31 mini seconds publishing element
Info: Task:build_test_scenario: 8 mini seconds publishing element
Info: Task:define_data_scenario: 11 mini seconds publishing element
Info: Task:define_discovery_roadmap: 12 mini seconds publishing element
Info: Task:define_policy_change_templates: 6 mini seconds publishing element
Info: Task:define_rule_life_cycle: 11 mini seconds publishing element
Info: Task:define_ruleset: 12 mini seconds publishing element
Info: Task:define_ruleset_life_cycle: 6 mini seconds publishing element
Info: Task:define_ruleset_ownership: 7 mini seconds publishing element
Info: Task:define_ruleset_testing: 8 mini seconds publishing element
Info: Task:deploy_rules: 7 mini seconds publishing element
Info: Task:design_models_for_bre: 8 mini seconds publishing element
Info: Task:design_reference_data_integration: 14 mini seconds publishing element
Info: Task:determine_rule_implementation: 32 mini seconds publishing element
Info: Task:develop_architecture: 24 mini seconds publishing element
Info: Task:develop_organization_map: 11 mini seconds publishing element
Info: Task:develop_process_maps: 11 mini seconds publishing element
Info: Task:develop_rules: 12 mini seconds publishing element
Info: Task:develop_unit_tests: 9 mini seconds publishing element
Info: Task:enhance_object_models: 9 mini seconds publishing element
Info: Task:execute_rule_discovery_roadmap: 14 mini seconds publishing element
Info: Task:execute_rule_set: 7 mini seconds publishing element
Info: Task:execute_ruleset_functional_test: 7 mini seconds publishing element
Info: Task:extract_rule_meaning: 11 mini seconds publishing element
Info: Task:get_rule_set_reports: 8 mini seconds publishing element
Info: Task:get_sme_feedback: 9 mini seconds publishing element
Info: Task:identify_decision_point: 15 mini seconds publishing element
Info: Task:integrate_bre: 11 mini seconds publishing element
Info: Task:log_issue: 8 mini seconds publishing element
Info: Task:maintain_rules: 10 mini seconds publishing element
Info: Task:monitor_improve_process: 7 mini seconds publishing element
Info: Task:organise_workshop: 15 mini seconds publishing element
Info: Task:plan_deployment: 8 mini seconds publishing element
Info: Task:prototype_rules: 15 mini seconds publishing element
Info: Task:review_decision_point_table: 16 mini seconds publishing element
Info: Task:synchronize_data_model: 11 mini seconds publishing element
Info: Task:synchronize_with_wrms: 7 mini seconds publishing element
Info: Task:test_analysis: 10 mini seconds publishing element
Info: Task:transform_rules: 15 mini seconds publishing element
Info: Example:discover_decision_points: 25 mini seconds publishing element
Info: Example:discovery_output: 5 mini seconds publishing element
Info: Example:rule_atomicity: 6 mini seconds publishing element
Info: SupportingMaterial:phase1_diagram: 11 mini seconds publishing element
Info: SupportingMaterial:phase2_diagram: 10 mini seconds publishing element
Info: SupportingMaterial:phase3_diagram: 11 mini seconds publishing element
Info: SupportingMaterial:phase4_diagram: 7 mini seconds publishing element
Info: SupportingMaterial:phase5_diagram: 10 mini seconds publishing element
Info: SupportingMaterial:release_info_abrd: 11 mini seconds publishing element
Info: Template:bom: 15 mini seconds publishing element
Info: Template:business_glossary: 10 mini seconds publishing element
Info: Template:decision_point_table: 7 mini seconds publishing element
Info: Template:rule_discovery_invite: 8 mini seconds publishing element
Info: Template:rule_discovery_roadmap: 10 mini seconds publishing element
Info: Template:rule_set_table: 22 mini seconds publishing element
Info: Template:rule_template_for_workflow_project: 17 mini seconds publishing element
Info: Template:rule_templates: 9 mini seconds publishing element
Info: Guideline:boolean_logic: 10 mini seconds publishing element
Info: Guideline:bpmn_guide: 11 mini seconds publishing element
Info: Guideline:business_rule_classification: 15 mini seconds publishing element
Info: Guideline:decision_point: 6 mini seconds publishing element
Info: Guideline:define_rule_implementation: 13 mini seconds publishing element
Info: Guideline:discover_fact_model: 6 mini seconds publishing element
Info: Guideline:execute_rule_discovery_workshop: 10 mini seconds publishing element
Info: Guideline:jsr94: 8 mini seconds publishing element
Info: Guideline:organise_rule_discovery_workshop: 9 mini seconds publishing element
Info: Guideline:rule_delta_testing: 31 mini seconds publishing element
Info: Guideline:rule_governance_actors: 56 mini seconds publishing element
Info: Guideline:rule_management_team_mission: 7 mini seconds publishing element
Info: Guideline:sbvr: 6 mini seconds publishing element
Info: Guideline:types_of_rule_discovery: 10 mini seconds publishing element
Info: Guideline:web_service_design: 10 mini seconds publishing element
Info: Practice:method_development: 11 mini seconds publishing element
Info: Roadmap:how_to_adopt_mdev: 5 mini seconds publishing element
Info: Concept:method_authoring: 5 mini seconds publishing element
Info: Concept:practice: 6 mini seconds publishing element
Info: Concept:umf: 6 mini seconds publishing element
Info: Guideline:categorizing: 17 mini seconds publishing element
Info: Guideline:creating_plugins_practices_configurations: 8 mini seconds publishing element
Info: Guideline:customizing_method_content_elements: 14 mini seconds publishing element
Info: Guideline:defining_customizing_processes: 13 mini seconds publishing element
Info: Guideline:defining_method_elements: 41 mini seconds publishing element
Info: Guideline:formatting_writing_tips_for_method_authors: 8 mini seconds publishing element
Info: Guideline:general_naming_conventions: 15 mini seconds publishing element
Info: Guideline:implementing_method_asset: 15 mini seconds publishing element
Info: Guideline:publishing: 6 mini seconds publishing element
Info: Guideline:structuring_practice: 9 mini seconds publishing element
Info: Guideline:testing_a_method_asset: 7 mini seconds publishing element
Info: Practice:project_process_tailoring: 16 mini seconds publishing element
Info: Concept:development_case: 8 mini seconds publishing element
Info: Artifact:tools: 11 mini seconds publishing element
Info: Artifact:project_defined_process: 13 mini seconds publishing element
Info: Task:deploy_process: 11 mini seconds publishing element
Info: Task:setup_tools: 14 mini seconds publishing element
Info: Task:tailor_process: 14 mini seconds publishing element
Info: Task:verify_tool_config_installation: 11 mini seconds publishing element
Info: Example:development_case_project: 7 mini seconds publishing element
Info: SupportingMaterial:rel_info_project_process_tailoring: 6 mini seconds publishing element
Info: Template:development_case: 9 mini seconds publishing element
Info: Guideline:classifying_work_products: 9 mini seconds publishing element
Info: Guideline:deploying_tools: 9 mini seconds publishing element
Info: Guideline:tailor_process_project: 7 mini seconds publishing element
Info: Guideline:tailoring_configuration_management: 6 mini seconds publishing element
Info: Guideline:tailoring_specific_process_area: 6 mini seconds publishing element
Info: Guideline:tailoring_risk_management: 6 mini seconds publishing element
Info: Practice:documentation_and_training: 15 mini seconds publishing element
Info: Roadmap:how_to_adopt_doc_training: 6 mini seconds publishing element
Info: Artifact:product_documentation: 14 mini seconds publishing element
Info: Artifact:support_documentation: 11 mini seconds publishing element
Info: Artifact:training_materials: 13 mini seconds publishing element
Info: Artifact:user_documentation: 12 mini seconds publishing element
Info: Task:develop_product_documentation: 14 mini seconds publishing element
Info: Task:develop_user_documentation: 15 mini seconds publishing element
Info: Task:develop_support_documentation: 15 mini seconds publishing element
Info: Task:develop_training_materials: 19 mini seconds publishing element
Info: Task:deliver_end_user_training: 13 mini seconds publishing element
Info: Task:deliver_support_training: 14 mini seconds publishing element
Info: Role:course_developer: 29 mini seconds publishing element
Info: Role:product_owner: 22 mini seconds publishing element
Info: Role:technical_writer: 34 mini seconds publishing element
Info: Role:trainer: 23 mini seconds publishing element
Info: CustomCategory:release_info: 75 mini seconds publishing element
Info: SupportingMaterial:release_info: 6 mini seconds publishing element
Info: SupportingMaterial:release_info_concurrent_testing: 5 mini seconds publishing element
Info: SupportingMaterial:release_info_continuous_integration: 5 mini seconds publishing element
Info: SupportingMaterial:release_info_doc_and_training: 8 mini seconds publishing element
Info: SupportingMaterial:release_info_evolutionary_arch: 6 mini seconds publishing element
Info: SupportingMaterial:release_info_evolutionary_design: 5 mini seconds publishing element
Info: SupportingMaterial:release_info_iterative_dev: 5 mini seconds publishing element
Info: SupportingMaterial:release_info: 5 mini seconds publishing element
Info: SupportingMaterial:release_info_prod_release: 4 mini seconds publishing element
Info: SupportingMaterial:release_info_release_planning: 5 mini seconds publishing element
Info: SupportingMaterial:release_info_risk_value_lifecycle: 4 mini seconds publishing element
Info: SupportingMaterial:release_info_shared_vision: 5 mini seconds publishing element
Info: SupportingMaterial:release_info_team_change_mgmt: 4 mini seconds publishing element
Info: SupportingMaterial:release_info_test_driven_development: 4 mini seconds publishing element
Info: SupportingMaterial:release_info_uc_driven_dev: 4 mini seconds publishing element
Info: SupportingMaterial:release_info_whole_team: 4 mini seconds publishing element
Info: SupportingMaterial:release_info_all_epf: 5 mini seconds publishing element
Info: SupportingMaterial:resources_for_customizing_methods: 10 mini seconds publishing element
Info: Artifact:technical_implementation_slot: 11 mini seconds publishing element
Info: Artifact:technical_specification_slot: 15 mini seconds publishing element
Info: Domain:test_domain: 7 mini seconds publishing element
Info: Role:tester: 60 mini seconds publishing element
Info: Template:test_case: 8 mini seconds publishing element
Info: Checklist:test_case: 6 mini seconds publishing element
Info: Artifact:technical_test_results_slot: 6 mini seconds publishing element
Info: Role:developer: 106 mini seconds publishing element
Info: Template:test_script: 7 mini seconds publishing element
Info: Checklist:test_data: 11 mini seconds publishing element
Info: Checklist:test_script: 5 mini seconds publishing element
Info: Discipline:test_discipline: 11 mini seconds publishing element
Info: Role:analyst: 58 mini seconds publishing element
Info: Role:stakeholder: 37 mini seconds publishing element
Info: SupportingMaterial:references: 15 mini seconds publishing element
Info: Domain:development_domain: 13 mini seconds publishing element
Info: Discipline:development_discipline: 14 mini seconds publishing element
Info: Artifact:project_definition_and_scope_slot: 7 mini seconds publishing element
Info: Artifact:technical_architecture_slot: 6 mini seconds publishing element
Info: SupportingMaterial:welcome: 28 mini seconds publishing element
Info: Domain:project_management_domain: 10 mini seconds publishing element
Info: Artifact:project_status_slot: 5 mini seconds publishing element
Info: Artifact:project_work_slot: 7 mini seconds publishing element
Info: Role:project_manager: 55 mini seconds publishing element
Info: Template:iteration_plan: 8 mini seconds publishing element
Info: Example:iteration_burndown_report_example: 8 mini seconds publishing element
Info: Example:iteration_plan: 6 mini seconds publishing element
Info: Checklist:iteration_plan: 7 mini seconds publishing element
Info: Role:any_role: 21 mini seconds publishing element
Info: Template:work_items_list: 8 mini seconds publishing element
Info: Checklist:work_items_list: 8 mini seconds publishing element
Info: Artifact:project_risk_slot: 5 mini seconds publishing element
Info: TermDefinition:risk: 7 mini seconds publishing element
Info: Concept:risk: 12 mini seconds publishing element
Info: Template:risk_list: 8 mini seconds publishing element
Info: Checklist:risk_list: 7 mini seconds publishing element
Info: Discipline:project_management_discipline: 15 mini seconds publishing element
Info: Role:architect: 49 mini seconds publishing element
Info: Guideline:deploying_the_solution: 9 mini seconds publishing element
Info: ToolMentor:use_method_composer_to_update_process: 9 mini seconds publishing element
Info: Guideline:collaboration_guidance_slot: 8 mini seconds publishing element
Info: Guideline:project_planning_guidance_slot: 7 mini seconds publishing element
Info: Template:project_plan: 8 mini seconds publishing element
Info: Example:project_burndown_report_example: 9 mini seconds publishing element
Info: Example:project_plan: 8 mini seconds publishing element
Info: Checklist:project_plan: 8 mini seconds publishing element
Info: Guideline:work_assignment_guidance_slot: 5 mini seconds publishing element
Info: Artifact:technical_design_slot: 8 mini seconds publishing element
Info: Concept:analysis_mechanism: 6 mini seconds publishing element
Info: Checklist:architecture_notebook: 16 mini seconds publishing element
Info: Concept:arch_significant_requirements: 9 mini seconds publishing element
Info: Example:architectural_mechanism_attributes: 6 mini seconds publishing element
Info: Concept:pattern: 11 mini seconds publishing element
Info: Guideline:example_design_mechanisms: 37 mini seconds publishing element
Info: Guideline:identify_common_architectural_mechanisms: 6 mini seconds publishing element
Info: Example:four_plus_one_view_of_arch: 11 mini seconds publishing element
Info: Concept:executable_arch: 7 mini seconds publishing element
Info: Concept:arch_goals: 8 mini seconds publishing element
Info: Concept:arch_constraints: 6 mini seconds publishing element
Info: Concept:key_abstractions: 6 mini seconds publishing element
Info: Guideline:layering: 7 mini seconds publishing element
Info: Concept:component: 9 mini seconds publishing element
Info: Guideline:repres_interfaces_to_ext_systems: 9 mini seconds publishing element
Info: Domain:architecture_domain: 8 mini seconds publishing element
Info: Template:architecture_notebook: 8 mini seconds publishing element
Info: Discipline:architecture_discipline: 9 mini seconds publishing element
Info: Guideline:using_visual_modeling: 9 mini seconds publishing element
Info: Checklist:design: 17 mini seconds publishing element
Info: Template:design: 6 mini seconds publishing element
Info: Guideline:designing_visually: 50 mini seconds publishing element
Info: Guideline:entity_control_boundary_pattern: 15 mini seconds publishing element
Info: Guideline:design_guidance_slot: 8 mini seconds publishing element
Info: Checklist:implementation: 6 mini seconds publishing element
Info: TermDefinition:task: 4 mini seconds publishing element
Info: TermDefinition:work_product: 4 mini seconds publishing element
Info: Domain:requirements_domain: 7 mini seconds publishing element
Info: Template:vision: 7 mini seconds publishing element
Info: Checklist:vision: 9 mini seconds publishing element
Info: Discipline:requirements_discipline: 13 mini seconds publishing element
Info: TermDefinition:feature: 4 mini seconds publishing element
Info: Concept:requirement_attributes: 6 mini seconds publishing element
Info: Checklist:general_requirements: 8 mini seconds publishing element
Info: Checklist:developer_test: 10 mini seconds publishing element
Info: TermDefinition:code_instrumentation: 6 mini seconds publishing element
Info: Guideline:use_case_model: 9 mini seconds publishing element
Info: Example:uc_model_evolve: 7 mini seconds publishing element
Info: Domain:rule_discovery: 7 mini seconds publishing element
Info: Template:use_case_specification: 8 mini seconds publishing element
Info: Example:use_case_spec: 9 mini seconds publishing element
Info: Checklist:use_case: 11 mini seconds publishing element
Info: Checklist:use_case_model: 14 mini seconds publishing element
Info: Template:systemwide_requirements_specification: 8 mini seconds publishing element
Info: Guideline:writing_good_requirements: 11 mini seconds publishing element
Info: Concept:system_wide_requirements: 7 mini seconds publishing element
Info: Checklist:system_wide_rqmts_furps: 10 mini seconds publishing element
Info: Domain:deployment_domain: 11 mini seconds publishing element
Info: Role:deployment_engineer: 70 mini seconds publishing element
Info: Role:deployment_manager: 22 mini seconds publishing element
Info: Discipline:deployment_discipline: 16 mini seconds publishing element
Info: TermDefinition:brms: 5 mini seconds publishing element
Info: TermDefinition:rule_engine: 5 mini seconds publishing element
Info: TermDefinition:ruleflow: 9 mini seconds publishing element
Info: TermDefinition:bom: 10 mini seconds publishing element
Info: TermDefinition:decision_service: 6 mini seconds publishing element
Info: Discipline:rule_analysis: 21 mini seconds publishing element
Info: Domain:rule_governance: 9 mini seconds publishing element
Info: Role:rule_steward: 37 mini seconds publishing element
Info: Role:business_analyst: 43 mini seconds publishing element
Info: Role:business_process_analyst: 38 mini seconds publishing element
Info: Role:rule_analyst: 125 mini seconds publishing element
Info: Domain:architecture: 6 mini seconds publishing element
Info: Role:rule_architect: 90 mini seconds publishing element
Info: Domain:rule_analysis: 5 mini seconds publishing element
Info: Domain:rule_validation: 5 mini seconds publishing element
Info: Domain:rule_design: 5 mini seconds publishing element
Info: Role:rule_writer: 62 mini seconds publishing element
Info: Domain:rule_deployment: 4 mini seconds publishing element
Info: Role:rule_administrator: 30 mini seconds publishing element
Info: Domain:rule_authoring: 5 mini seconds publishing element
Info: TermDefinition:rule_set: 5 mini seconds publishing element
Info: Discipline:rule_design: 9 mini seconds publishing element
Info: Role:subject_matter_expert: 31 mini seconds publishing element
Info: Discipline:rule_validation: 12 mini seconds publishing element
Info: Discipline:rule_discovery: 26 mini seconds publishing element
Info: Discipline:rule_governance: 13 mini seconds publishing element
Info: TermDefinition:rule_life_cycle: 5 mini seconds publishing element
Info: Discipline:rule_deployment: 6 mini seconds publishing element
Info: Discipline:architecture: 7 mini seconds publishing element
Info: Discipline:rule_authoring: 17 mini seconds publishing element
Info: TermDefinition:decision_table: 6 mini seconds publishing element
Info: TermDefinition:decision_tree: 5 mini seconds publishing element
Info: TermDefinition:decision_point: 6 mini seconds publishing element
Info: SupportingMaterial:intellectual_property_notices: 5 mini seconds publishing element
Info: Artifact:rule_set_table: 37 mini seconds publishing element
Info: TermDefinition:discipline: 5 mini seconds publishing element
Info: TermDefinition:domain: 6 mini seconds publishing element
Info: TermDefinition:work_product_kind: 6 mini seconds publishing element
Info: TermDefinition:role_set: 6 mini seconds publishing element
Info: TermDefinition:role: 6 mini seconds publishing element
Info: TermDefinition:role_set_grouping: 4 mini seconds publishing element
Info: TermDefinition:tool: 5 mini seconds publishing element
Info: TermDefinition:tool_mentor: 6 mini seconds publishing element
Info: TermDefinition:artifact: 5 mini seconds publishing element
Info: TermDefinition:deliverable: 5 mini seconds publishing element
Info: TermDefinition:outcome: 6 mini seconds publishing element
Info: TermDefinition:checklist: 6 mini seconds publishing element
Info: TermDefinition:guideline: 6 mini seconds publishing element
Info: TermDefinition:capability_pattern: 5 mini seconds publishing element
Info: TermDefinition:delivery_process: 7 mini seconds publishing element
Info: TermDefinition:custom_category: 6 mini seconds publishing element
Info: TermDefinition:method_plugin: 5 mini seconds publishing element
Info: TermDefinition:method_configuration: 7 mini seconds publishing element
Info: TermDefinition:supporting_material: 5 mini seconds publishing element
Info: TermDefinition:method_content: 6 mini seconds publishing element
Info: TermDefinition:guidance: 10 mini seconds publishing element
Info: TermDefinition:activity: 9 mini seconds publishing element
Info: TermDefinition:phase: 6 mini seconds publishing element
Info: TermDefinition:iteration: 6 mini seconds publishing element
Info: TermDefinition:descriptor: 6 mini seconds publishing element
Info: TermDefinition:breakdown_element: 6 mini seconds publishing element
Info: TermDefinition:example: 9 mini seconds publishing element
Info: TermDefinition:template: 9 mini seconds publishing element
Info: TermDefinition:white_paper: 5 mini seconds publishing element
Info: TermDefinition:roadmap: 5 mini seconds publishing element
Info: TermDefinition:practice: 6 mini seconds publishing element
Info: TermDefinition:reusable_asset: 9 mini seconds publishing element
Info: TermDefinition:process: 6 mini seconds publishing element
Info: Domain:environment_domain: 10 mini seconds publishing element
Info: Role:tool_specialist: 37 mini seconds publishing element
Info: Role:process_engineer: 35 mini seconds publishing element
Info: Discipline:environment_discipline: 9 mini seconds publishing element
Info: SupportingMaterial:epf_resources: 9 mini seconds publishing element
Info: SupportingMaterial:rational_method_composer_resources: 8 mini seconds publishing element
Info: RoleSet:deployment_roles_list: 12 mini seconds publishing element
Info: RoleSet:basic_role_set: 12 mini seconds publishing element
Info: CustomCategory:getting_started_list: 10 mini seconds publishing element
Info: CustomCategory:structured_practice_list: 9 mini seconds publishing element
Info: CustomCategory:role_list: 23 mini seconds publishing element
Info: CustomCategory:work_products: 23 mini seconds publishing element
Info: CustomCategory:tasks: 28 mini seconds publishing element
Info: CustomCategory:delivery_process_list: 10 mini seconds publishing element
Info: Tool:method_composer_tool: 11 mini seconds publishing element
Info: Concept:visual_modeling: 17 mini seconds publishing element
Info: TermDefinition:stakeholder_need: 7 mini seconds publishing element
Info: Example:uc_deposit_funds_outline: 7 mini seconds publishing element
Info: Example:uc_model_elaboration_phase: 10 mini seconds publishing element
Info: Example:uc_model_inception_phase: 10 mini seconds publishing element
Info: Example:uc_spec_validate_user: 7 mini seconds publishing element
Info: Example:uc_transfer_funds_outline: 6 mini seconds publishing element
Info: Example:uc_withdraw_cash_outline: 7 mini seconds publishing element
Info: RoleSet:brd_role_set: 12 mini seconds publishing element
Info: Example:decision_table: 12 mini seconds publishing element
Info: Example:decision_tree: 19 mini seconds publishing element
Info: TermDefinition:step: 6 mini seconds publishing element
Info: TermDefinition:method_element: 6 mini seconds publishing element
Info: TermDefinition:view: 6 mini seconds publishing element
Info: TermDefinition:method_library: 8 mini seconds publishing element
Info: TermDefinition:uma: 5 mini seconds publishing element
Info: TermDefinition:breakdown_structure: 8 mini seconds publishing element
Info: RoleSet:environment_roles_list: 11 mini seconds publishing element
Info: Domain:brd_domains: 11 mini seconds publishing element
Info: Discipline:brd_disciplines: 10 mini seconds publishing element
Info: Discipline:to_delete: 5 mini seconds publishing element
Info: Discipline:to_delete_2: 5 mini seconds publishing element
Info: : Publishing time: 0 minutes 9 seconds
