Info: CustomCategory:dsdm_views: 14 mini seconds publishing element
Info: CustomCategory:intro_2_dsdm: 9 mini seconds publishing element
Info: SupportingMaterial:why_dsdm: 7 mini seconds publishing element
Info: SupportingMaterial:dsdm_openup: 6 mini seconds publishing element
Info: SupportingMaterial:collab_dev: 5 mini seconds publishing element
Info: SupportingMaterial:dsdm_and_project_success: 5 mini seconds publishing element
Info: SupportingMaterial:framework_for_business: 5 mini seconds publishing element
Info: SupportingMaterial:more_dsdm: 9 mini seconds publishing element
Info: CustomCategory:white_papers: 5 mini seconds publishing element
Info: Whitepaper:dsdm_suitability_filter: 14 mini seconds publishing element
Info: Whitepaper:intro_dsdm_to_orgs: 8 mini seconds publishing element
Info: Whitepaper:dsdm_rup: 7 mini seconds publishing element
Info: Whitepaper:dsdm_uml: 8 mini seconds publishing element
Info: Guideline:facilitated_workshops: 9 mini seconds publishing element
Info: CustomCategory:dsdm_roles: 7 mini seconds publishing element
Info: Role:visionary: 37 mini seconds publishing element
Info: Role:ambassador_user: 36 mini seconds publishing element
Info: Role:advisor_user: 20 mini seconds publishing element
Info: Role:exec_sponsor: 18 mini seconds publishing element
Info: CustomCategory:dsdm_principles: 6 mini seconds publishing element
Info: Practice:I_user_involvement: 103 mini seconds publishing element
Info: Practice:II_empowered_teams: 4 mini seconds publishing element
Info: Practice:IV_fit_for_purpose: 5 mini seconds publishing element
Info: Practice:IX_collaborative_approach: 6 mini seconds publishing element
Info: DeliveryProcess:OpenUP_DSDM: 349 mini seconds publishing element
Info: DeliveryProcess:OpenUP_DSDM: 986 mini seconds publishing process specific layout data
Info: Activity:dsdm_inception_phase_iteration: 155 mini seconds publishing element
Info: Activity:dsdm_initiate_project: 51 mini seconds publishing element
Info: Activity:dsdm_manage_iteration: 61 mini seconds publishing element
Info: Activity:dsdm_identify_and_refine_requirements: 62 mini seconds publishing element
Info: Activity:dsdm_agree_the_technical_approach: 51 mini seconds publishing element
Info: Milestone:lifecycle_objectives: 14 mini seconds publishing element
Info: Activity:dsdm_elaboration_phase_iteration: 180 mini seconds publishing element
Info: Activity:dsdm_manage_iteration: 65 mini seconds publishing element
Info: Activity:dsdm_identify_and_refine_requirements: 65 mini seconds publishing element
Info: Activity:dsdm_develop_the_architecture: 111 mini seconds publishing element
Info: Activity:dsdm_develop_solution: 153 mini seconds publishing element
Info: Activity:develop_requirement_within_context: 143 mini seconds publishing element
Info: Activity:dsdm_test_solution: 46 mini seconds publishing element
Info: Activity:ongoing_tasks: 44 mini seconds publishing element
Info: Milestone:lifecycle_architecture: 8 mini seconds publishing element
Info: Activity:dsdm_construction_phase_iteration: 182 mini seconds publishing element
Info: Activity:dsdm_manage_iteration: 62 mini seconds publishing element
Info: Activity:dsdm_identify_and_refine_requirements: 60 mini seconds publishing element
Info: Activity:develop_solution: 153 mini seconds publishing element
Info: Activity:dsdm_test_solution: 58 mini seconds publishing element
Info: Activity:ongoing_tasks: 51 mini seconds publishing element
Info: Milestone:initial_operational_capability: 18 mini seconds publishing element
Info: Activity:dsdm_transition_phase_iteration: 150 mini seconds publishing element
Info: Activity:dsdm_manage_iteration: 199 mini seconds publishing element
Info: Activity:develop_requirement_within_context: 174 mini seconds publishing element
Info: Activity:dsdm_test_solution: 115 mini seconds publishing element
Info: Activity:ongoing_tasks: 89 mini seconds publishing element
Info: Milestone:product_release: 12 mini seconds publishing element
Info: Concept:construction_phase: 19 mini seconds publishing element
Info: Concept:elaboration_phase: 13 mini seconds publishing element
Info: Concept:inception_phase: 10 mini seconds publishing element
Info: Concept:transition_phase: 10 mini seconds publishing element
Info: SupportingMaterial:openup_copyright: 8 mini seconds publishing element
Info: SupportingMaterial:copyright_dsdm: 6 mini seconds publishing element
Info: CustomCategory:openup_treebrowser: 14 mini seconds publishing element
Info: CustomCategory:introduction_to_openup: 40 mini seconds publishing element
Info: CustomCategory:core_principles_category: 6 mini seconds publishing element
Info: Concept:core_principle_balance: 9 mini seconds publishing element
Info: Concept:core_principle_collaborate: 9 mini seconds publishing element
Info: Concept:core_principle_focus: 9 mini seconds publishing element
Info: Concept:core_principle_evolve: 17 mini seconds publishing element
Info: SupportingMaterial:minimal_complete_extensible: 9 mini seconds publishing element
Info: Concept:iteration_lifecycle: 14 mini seconds publishing element
Info: Concept:micro_increments: 14 mini seconds publishing element
Info: Concept:project_lifecycle: 14 mini seconds publishing element
Info: SupportingMaterial:openup_family: 6 mini seconds publishing element
Info: SupportingMaterial:who_should_use_openup: 5 mini seconds publishing element
Info: CustomCategory:getting_started_with_openup: 6 mini seconds publishing element
Info: Roadmap:openup_roadmap: 17 mini seconds publishing element
Info: SupportingMaterial:resources_for_modifying_methods: 17 mini seconds publishing element
Info: SupportingMaterial:resources_for_contributing_to_openup: 9 mini seconds publishing element
Info: DisciplineGrouping:openup_disciplines: 9 mini seconds publishing element
Info: Discipline:dsdm_requirements: 17 mini seconds publishing element
Info: CapabilityPattern:identify_and_refine_requirements: 89 mini seconds publishing element
Info: CapabilityPattern:identify_and_refine_requirements: 9 mini seconds publishing process specific layout data
Info: CapabilityPattern:initiate_project: 59 mini seconds publishing element
Info: CapabilityPattern:initiate_project: 7 mini seconds publishing process specific layout data
Info: CapabilityPattern:ongoing_tasks: 45 mini seconds publishing element
Info: CapabilityPattern:ongoing_tasks: 2 mini seconds publishing process specific layout data
Info: Task:dsdm_define_vision: 57 mini seconds publishing element
Info: Task:dsdm_detail_requirements: 43 mini seconds publishing element
Info: Task:dsdm_find_and_outline_requirements: 40 mini seconds publishing element
Info: Concept:actor: 14 mini seconds publishing element
Info: Guideline:detail_ucs_and_scenarios: 20 mini seconds publishing element
Info: Guideline:effective_req_reviews: 12 mini seconds publishing element
Info: Guideline:find_and_outline_actors_and_ucs: 11 mini seconds publishing element
Info: Checklist:good_requirements: 18 mini seconds publishing element
Info: Concept:requirement_attributes: 8 mini seconds publishing element
Info: Guideline:requirement_pitfalls: 10 mini seconds publishing element
Info: Concept:requirements: 12 mini seconds publishing element
Info: Guideline:req_gathering_techniques: 11 mini seconds publishing element
Info: Checklist:supporting_requirements: 14 mini seconds publishing element
Info: Concept:supporting_requirements: 10 mini seconds publishing element
Info: Guideline:supporting_requirements: 13 mini seconds publishing element
Info: Concept:traceability: 7 mini seconds publishing element
Info: Checklist:use_case: 21 mini seconds publishing element
Info: Concept:use_case: 23 mini seconds publishing element
Info: Guideline:use_case_formats: 9 mini seconds publishing element
Info: Checklist:uc_model: 12 mini seconds publishing element
Info: Concept:use_case_model: 19 mini seconds publishing element
Info: Guideline:uc_model: 14 mini seconds publishing element
Info: Checklist:vision: 16 mini seconds publishing element
Info: Guideline:writing_good_requirements: 12 mini seconds publishing element
Info: Discipline:dsdm_architecture: 12 mini seconds publishing element
Info: CapabilityPattern:agree_technical_approach: 52 mini seconds publishing element
Info: CapabilityPattern:agree_technical_approach: 6 mini seconds publishing process specific layout data
Info: CapabilityPattern:develop_architecture: 156 mini seconds publishing element
Info: CapabilityPattern:develop_architecture: 152 mini seconds publishing process specific layout data
Info: Task:dsdm_outline_the_architecture: 47 mini seconds publishing element
Info: Task:dsdm_demonstrate_the_architecture: 5 mini seconds publishing element
Info: Guideline:abstract_away_complexity: 10 mini seconds publishing element
Info: Concept:arch_mech: 13 mini seconds publishing element
Info: Guideline:architectural_mechanisms: 8 mini seconds publishing element
Info: Guideline:architectural_view: 10 mini seconds publishing element
Info: Concept:architecturally_significant_requirements: 12 mini seconds publishing element
Info: Checklist:architecture_notebook: 10 mini seconds publishing element
Info: Concept:business_pattern: 6 mini seconds publishing element
Info: Concept:component: 11 mini seconds publishing element
Info: Guideline:determine_architecturally_significant_requirements: 8 mini seconds publishing element
Info: Guideline:develop_architecture: 12 mini seconds publishing element
Info: Guideline:entity_control_boundary_pattern: 12 mini seconds publishing element
Info: Concept:executable_architecture: 8 mini seconds publishing element
Info: Guideline:layering: 10 mini seconds publishing element
Info: Guideline:outline_the_architecture: 13 mini seconds publishing element
Info: Concept:pattern: 11 mini seconds publishing element
Info: Concept:software_architecture: 14 mini seconds publishing element
Info: Concept:visual_modeling: 15 mini seconds publishing element
Info: Discipline:development: 20 mini seconds publishing element
Info: CapabilityPattern:develop_solution: 162 mini seconds publishing element
Info: CapabilityPattern:develop_solution: 104 mini seconds publishing process specific layout data
Info: Task:impl_developer_tests: 27 mini seconds publishing element
Info: Task:implement_solution: 23 mini seconds publishing element
Info: Task:run_developer_tests: 18 mini seconds publishing element
Info: Task:design_solution: 40 mini seconds publishing element
Info: Guideline:analyze_the_design: 11 mini seconds publishing element
Info: Concept:coding_standard: 7 mini seconds publishing element
Info: Concept:continuous_integration: 7 mini seconds publishing element
Info: Guideline:continuous_integration: 9 mini seconds publishing element
Info: Checklist:design: 17 mini seconds publishing element
Info: Concept:design: 11 mini seconds publishing element
Info: Guideline:designing_visually: 26 mini seconds publishing element
Info: Concept:developer_testing: 12 mini seconds publishing element
Info: Guideline:evolve_the_design: 16 mini seconds publishing element
Info: Checklist:implementation: 9 mini seconds publishing element
Info: Guideline:promoting_changes: 17 mini seconds publishing element
Info: Concept:refactoring: 10 mini seconds publishing element
Info: Guideline:refactoring: 10 mini seconds publishing element
Info: Guideline:software_reuse: 11 mini seconds publishing element
Info: Concept:test_first_design: 7 mini seconds publishing element
Info: Guideline:test_first_design: 11 mini seconds publishing element
Info: Guideline:transforming_design_into_implementation: 7 mini seconds publishing element
Info: Guideline:uc_realizations: 12 mini seconds publishing element
Info: Discipline:dsdm_test: 15 mini seconds publishing element
Info: CapabilityPattern:test_solution: 56 mini seconds publishing element
Info: CapabilityPattern:test_solution: 6 mini seconds publishing process specific layout data
Info: Task:dsdm_create_test_case: 37 mini seconds publishing element
Info: Task:dsdm_run_tests: 42 mini seconds publishing element
Info: Concept:failure_analysis_rpt_creation: 6 mini seconds publishing element
Info: Guideline:maintaining_automated_test_suite: 8 mini seconds publishing element
Info: Guideline:programming_automated_tests: 7 mini seconds publishing element
Info: Checklist:test_case: 10 mini seconds publishing element
Info: Checklist:test_script: 11 mini seconds publishing element
Info: Guideline:test_suite: 11 mini seconds publishing element
Info: Concept:types_of_test: 9 mini seconds publishing element
Info: Discipline:dsdm_project_management: 12 mini seconds publishing element
Info: CapabilityPattern:plan_manage_iteration: 70 mini seconds publishing element
Info: CapabilityPattern:plan_manage_iteration: 9 mini seconds publishing process specific layout data
Info: Task:dsdm_plan_the_project: 38 mini seconds publishing element
Info: Task:dsdm_plan_iteration: 34 mini seconds publishing element
Info: Task:dsdm_assess_results: 33 mini seconds publishing element
Info: Task:dsdm_manage_iteration: 25 mini seconds publishing element
Info: Guideline:agile_estimation: 12 mini seconds publishing element
Info: Guideline:assign_changes_to_iteration: 8 mini seconds publishing element
Info: Guideline:conduct_retrospective: 9 mini seconds publishing element
Info: Guideline:daily_meetings: 7 mini seconds publishing element
Info: Guideline:deploying_the_solution: 9 mini seconds publishing element
Info: Checklist:iteration_plan: 8 mini seconds publishing element
Info: Guideline:iteration_planning: 11 mini seconds publishing element
Info: Guideline:risk_management: 14 mini seconds publishing element
Info: Concept:metrics: 8 mini seconds publishing element
Info: Concept:phase_milestones: 13 mini seconds publishing element
Info: Checklist:project_plan: 8 mini seconds publishing element
Info: Concept:retrospective: 8 mini seconds publishing element
Info: Concept:risk: 12 mini seconds publishing element
Info: Checklist:risk_list: 8 mini seconds publishing element
Info: Guideline:self_organize_work_assignments: 11 mini seconds publishing element
Info: Guideline:staffing_project: 7 mini seconds publishing element
Info: Checklist:work_items_list: 10 mini seconds publishing element
Info: Discipline:config_and_change_management: 10 mini seconds publishing element
Info: Task:request_change: 12 mini seconds publishing element
Info: Task:integrate_and_create_build: 26 mini seconds publishing element
Info: Concept:change_requests: 5 mini seconds publishing element
Info: Concept:change_set: 6 mini seconds publishing element
Info: Guideline:work_items_list: 13 mini seconds publishing element
Info: Guideline:submitting_change_requests: 7 mini seconds publishing element
Info: Concept:workspace: 6 mini seconds publishing element
Info: Domain:openup_wp: 7 mini seconds publishing element
Info: Domain:architecture: 5 mini seconds publishing element
Info: Artifact:architecture_notebook: 27 mini seconds publishing element
Info: Domain:development: 6 mini seconds publishing element
Info: Artifact:design: 16 mini seconds publishing element
Info: Artifact:build: 11 mini seconds publishing element
Info: Artifact:developer_test: 9 mini seconds publishing element
Info: Artifact:implementation: 11 mini seconds publishing element
Info: Domain:project_management: 7 mini seconds publishing element
Info: Artifact:iteration_plan: 28 mini seconds publishing element
Info: Artifact:project_plan: 23 mini seconds publishing element
Info: Artifact:work_items_list: 46 mini seconds publishing element
Info: Artifact:risk_list: 25 mini seconds publishing element
Info: Domain:requirements: 6 mini seconds publishing element
Info: Artifact:supporting_requirements_spec: 41 mini seconds publishing element
Info: Artifact:vision: 28 mini seconds publishing element
Info: Artifact:use_case: 39 mini seconds publishing element
Info: Artifact:glossary: 28 mini seconds publishing element
Info: Artifact:uc_model: 34 mini seconds publishing element
Info: Domain:test: 5 mini seconds publishing element
Info: Artifact:test_case: 19 mini seconds publishing element
Info: Artifact:test_log: 13 mini seconds publishing element
Info: Artifact:test_script: 11 mini seconds publishing element
Info: RoleSet:openup_roles: 13 mini seconds publishing element
Info: Role:architect: 50 mini seconds publishing element
Info: Role:project_manager: 48 mini seconds publishing element
Info: Role:analyst: 57 mini seconds publishing element
Info: Role:tester: 44 mini seconds publishing element
Info: Role:any_role: 20 mini seconds publishing element
Info: Role:developer: 60 mini seconds publishing element
Info: Role:stakeholder: 25 mini seconds publishing element
Info: DeliveryProcess:openup_lifecycle: 227 mini seconds publishing element
Info: DeliveryProcess:openup_lifecycle: 911 mini seconds publishing process specific layout data
Info: Activity:inception_phase_iteration: 136 mini seconds publishing element
Info: Activity:initiate_project: 65 mini seconds publishing element
Info: Activity:manage_iteration: 62 mini seconds publishing element
Info: Activity:identify_and_refine_requirements: 214 mini seconds publishing element
Info: Activity:agree_technical_approach: 104 mini seconds publishing element
Info: Milestone:lifecycle_objectives: 7 mini seconds publishing element
Info: Activity:elaboration_phase_iteration: 187 mini seconds publishing element
Info: Activity:manage_iteration: 69 mini seconds publishing element
Info: Activity:identify_and_refine_requirements: 68 mini seconds publishing element
Info: Activity:develop_architecture: 122 mini seconds publishing element
Info: Activity:develop_solution: 151 mini seconds publishing element
Info: Activity:develop_solution: 309 mini seconds publishing element
Info: Activity:Test Solution: 60 mini seconds publishing element
Info: Activity:ongoing_tasks: 51 mini seconds publishing element
Info: Milestone:lifecycle_architecture: 10 mini seconds publishing element
Info: Activity:construction_phase_iteration: 166 mini seconds publishing element
Info: Activity:manage_iteration: 66 mini seconds publishing element
Info: Activity:identify_and_refine_requirements: 65 mini seconds publishing element
Info: Activity:develop_solution: 147 mini seconds publishing element
Info: Activity:test_solution: 52 mini seconds publishing element
Info: Activity:ongoing_tasks: 49 mini seconds publishing element
Info: Milestone:initial_operational_capability: 9 mini seconds publishing element
Info: Activity:transition_phase_iteration: 155 mini seconds publishing element
Info: Activity:manage_iteration: 168 mini seconds publishing element
Info: Activity:develop_solution: 166 mini seconds publishing element
Info: Activity:test_solution: 54 mini seconds publishing element
Info: Activity:ongoing_tasks: 53 mini seconds publishing element
Info: Milestone:product_release: 9 mini seconds publishing element
Info: CustomCategory:about: 5 mini seconds publishing element
Info: SupportingMaterial:about_openup: 12 mini seconds publishing element
Info: SupportingMaterial:about_base_concepts: 10 mini seconds publishing element
Info: RoleSet:dsdm_roles: 6 mini seconds publishing element
Info: Guideline:visionary_activities: 7 mini seconds publishing element
Info: Artifact:dsdm_vision: 18 mini seconds publishing element
Info: Guideline:amb_user_activities: 8 mini seconds publishing element
Info: Guideline:adv_user_activities: 15 mini seconds publishing element
Info: SupportingMaterial:exec_sponsor_activities: 7 mini seconds publishing element
Info: TaskDescriptor:dsdm_define_vision: 33 mini seconds publishing element
Info: TaskDescriptor:plan_the_project: 22 mini seconds publishing element
Info: TaskDescriptor:dsdm_plan_iteration: 22 mini seconds publishing element
Info: TaskDescriptor:dsdm_manage_iteration: 19 mini seconds publishing element
Info: TaskDescriptor:dsdm_assess_results: 20 mini seconds publishing element
Info: TaskDescriptor:find_and_outline_requirements: 29 mini seconds publishing element
Info: TaskDescriptor:dsdm_detail_requirements: 24 mini seconds publishing element
Info: TaskDescriptor:create_test_cases: 19 mini seconds publishing element
Info: TaskDescriptor:dsdm_outline_the_architecture: 18 mini seconds publishing element
Info: TaskDescriptor:dsdm_outline_the_architecture: 25 mini seconds publishing element
Info: TaskDescriptor:refine_the_architecture: 22 mini seconds publishing element
Info: TaskDescriptor:dsdm_design_solution: 28 mini seconds publishing element
Info: TaskDescriptor:dsdm_impl_developer_tests: 15 mini seconds publishing element
Info: TaskDescriptor:dsdm_implement_solution: 16 mini seconds publishing element
Info: TaskDescriptor:dsdm_run_developer_tests: 12 mini seconds publishing element
Info: TaskDescriptor:dsdm_integrate_and_create_build: 13 mini seconds publishing element
Info: TaskDescriptor:implement_test_scripts: 22 mini seconds publishing element
Info: TaskDescriptor:run_tests: 20 mini seconds publishing element
Info: TaskDescriptor:request_change: 11 mini seconds publishing element
Info: RoleDescriptor:advisor_user: 9 mini seconds publishing element
Info: RoleDescriptor:ambassador_user: 12 mini seconds publishing element
Info: RoleDescriptor:analyst: 11 mini seconds publishing element
Info: RoleDescriptor:any_role: 12 mini seconds publishing element
Info: RoleDescriptor:architect: 7 mini seconds publishing element
Info: RoleDescriptor:developer: 11 mini seconds publishing element
Info: RoleDescriptor:exec_sponsor: 12 mini seconds publishing element
Info: RoleDescriptor:project_manager: 11 mini seconds publishing element
Info: RoleDescriptor:tester: 8 mini seconds publishing element
Info: RoleDescriptor:visionary: 12 mini seconds publishing element
Info: WorkProductDescriptor:architecture: 10 mini seconds publishing element
Info: WorkProductDescriptor:build: 10 mini seconds publishing element
Info: WorkProductDescriptor:design: 10 mini seconds publishing element
Info: WorkProductDescriptor:developer_test: 10 mini seconds publishing element
Info: WorkProductDescriptor:glossary: 9 mini seconds publishing element
Info: WorkProductDescriptor:implementation: 15 mini seconds publishing element
Info: WorkProductDescriptor:iteration_plan: 18 mini seconds publishing element
Info: WorkProductDescriptor:project_plan: 9 mini seconds publishing element
Info: WorkProductDescriptor:risk_list: 10 mini seconds publishing element
Info: WorkProductDescriptor:supporting_requirements: 15 mini seconds publishing element
Info: WorkProductDescriptor:test_case: 10 mini seconds publishing element
Info: WorkProductDescriptor:test_log: 8 mini seconds publishing element
Info: WorkProductDescriptor:test_script: 7 mini seconds publishing element
Info: WorkProductDescriptor:use_case: 13 mini seconds publishing element
Info: WorkProductDescriptor:uc_model: 11 mini seconds publishing element
Info: WorkProductDescriptor:vision: 9 mini seconds publishing element
Info: WorkProductDescriptor:work_items_list: 11 mini seconds publishing element
Info: Concept:phase: 8 mini seconds publishing element
Info: CapabilityPattern:dsdm_inception_phase_iteration: 151 mini seconds publishing element
Info: CapabilityPattern:dsdm_inception_phase_iteration: 91 mini seconds publishing process specific layout data
Info: CapabilityPattern:dsdm_initiate_project: 43 mini seconds publishing element
Info: CapabilityPattern:dsdm_initiate_project: 5 mini seconds publishing process specific layout data
Info: RoleDescriptor:ambassador_user: 15 mini seconds publishing element
Info: RoleDescriptor:analyst: 15 mini seconds publishing element
Info: RoleDescriptor:architect: 18 mini seconds publishing element
Info: RoleDescriptor:developer: 10 mini seconds publishing element
Info: RoleDescriptor:exec_sponsor: 9 mini seconds publishing element
Info: RoleDescriptor:project_manager: 14 mini seconds publishing element
Info: RoleDescriptor:tester: 17 mini seconds publishing element
Info: RoleDescriptor:visionary: 16 mini seconds publishing element
Info: WorkProductDescriptor:project_plan: 12 mini seconds publishing element
Info: WorkProductDescriptor:risk_list: 10 mini seconds publishing element
Info: WorkProductDescriptor:vision: 8 mini seconds publishing element
Info: WorkProductDescriptor:work_items_list: 17 mini seconds publishing element
Info: CapabilityPattern:dsdm_plan_manage_iteration: 57 mini seconds publishing element
Info: CapabilityPattern:dsdm_plan_manage_iteration: 11 mini seconds publishing process specific layout data
Info: RoleDescriptor:advisor_user: 8 mini seconds publishing element
Info: RoleDescriptor:ambassador_user: 14 mini seconds publishing element
Info: RoleDescriptor:analyst: 11 mini seconds publishing element
Info: RoleDescriptor:architect: 9 mini seconds publishing element
Info: RoleDescriptor:developer: 8 mini seconds publishing element
Info: RoleDescriptor:tester: 9 mini seconds publishing element
Info: RoleDescriptor:visionary: 11 mini seconds publishing element
Info: WorkProductDescriptor:glossary: 18 mini seconds publishing element
Info: WorkProductDescriptor:iteration_plan: 8 mini seconds publishing element
Info: WorkProductDescriptor:vision: 9 mini seconds publishing element
Info: WorkProductDescriptor:work_items_list: 14 mini seconds publishing element
Info: CapabilityPattern:dsdm_identify_and_refine_requirements: 63 mini seconds publishing element
Info: CapabilityPattern:dsdm_identify_and_refine_requirements: 12 mini seconds publishing process specific layout data
Info: Task:find_and_outline_requirements: 45 mini seconds publishing element
Info: Task:detail_requirements: 41 mini seconds publishing element
Info: Task:create_test_cases: 26 mini seconds publishing element
Info: RoleDescriptor:ambassador_user: 7 mini seconds publishing element
Info: RoleDescriptor:analyst: 8 mini seconds publishing element
Info: RoleDescriptor:architect: 8 mini seconds publishing element
Info: RoleDescriptor:developer: 11 mini seconds publishing element
Info: RoleDescriptor:project_manager: 6 mini seconds publishing element
Info: RoleDescriptor:visionary: 7 mini seconds publishing element
Info: WorkProductDescriptor:architecture: 9 mini seconds publishing element
Info: WorkProductDescriptor:glossary: 11 mini seconds publishing element
Info: WorkProductDescriptor:supporting_requirements: 13 mini seconds publishing element
Info: WorkProductDescriptor:use_case: 9 mini seconds publishing element
Info: WorkProductDescriptor:vision: 10 mini seconds publishing element
Info: CapabilityPattern:dsdm_agree_the_technical_approach: 44 mini seconds publishing element
Info: CapabilityPattern:dsdm_agree_the_technical_approach: 6 mini seconds publishing process specific layout data
Info: Task:assess_results: 24 mini seconds publishing element
Info: SupportingMaterial:references: 12 mini seconds publishing element
Info: CapabilityPattern:dsdm_elaboration_phase_iteration: 185 mini seconds publishing element
Info: CapabilityPattern:dsdm_elaboration_phase_iteration: 327 mini seconds publishing process specific layout data
Info: RoleDescriptor:advisor_user: 7 mini seconds publishing element
Info: RoleDescriptor:ambassador_user: 7 mini seconds publishing element
Info: RoleDescriptor:analyst: 6 mini seconds publishing element
Info: RoleDescriptor:architect: 11 mini seconds publishing element
Info: RoleDescriptor:developer: 7 mini seconds publishing element
Info: RoleDescriptor:project_manager: 11 mini seconds publishing element
Info: RoleDescriptor:tester: 15 mini seconds publishing element
Info: WorkProductDescriptor:architecture_notebook: 17 mini seconds publishing element
Info: WorkProductDescriptor:glossary: 6 mini seconds publishing element
Info: WorkProductDescriptor:supporting_requirements_spec: 8 mini seconds publishing element
Info: WorkProductDescriptor:test_log: 11 mini seconds publishing element
Info: WorkProductDescriptor:use_case: 13 mini seconds publishing element
Info: WorkProductDescriptor:vision: 11 mini seconds publishing element
Info: WorkProductDescriptor:work_items_list: 12 mini seconds publishing element
Info: CapabilityPattern:dsdm_develop_architecure: 103 mini seconds publishing element
Info: CapabilityPattern:dsdm_develop_architecure: 151 mini seconds publishing process specific layout data
Info: RoleDescriptor:ambassador_user: 6 mini seconds publishing element
Info: RoleDescriptor:analyst: 7 mini seconds publishing element
Info: RoleDescriptor:architect: 7 mini seconds publishing element
Info: RoleDescriptor:developer: 8 mini seconds publishing element
Info: WorkProductDescriptor:architecture_notebook: 13 mini seconds publishing element
Info: WorkProductDescriptor:design: 12 mini seconds publishing element
Info: WorkProductDescriptor:supporting_requirements_spec: 14 mini seconds publishing element
Info: WorkProductDescriptor:use_case: 10 mini seconds publishing element
Info: CapabilityPattern:dsdm_develop_solution: 147 mini seconds publishing element
Info: CapabilityPattern:dsdm_develop_solution: 113 mini seconds publishing process specific layout data
Info: RoleDescriptor:advisor_user: 6 mini seconds publishing element
Info: RoleDescriptor:ambassador_user: 6 mini seconds publishing element
Info: RoleDescriptor:analyst: 7 mini seconds publishing element
Info: RoleDescriptor:developer: 11 mini seconds publishing element
Info: RoleDescriptor:tester: 12 mini seconds publishing element
Info: WorkProductDescriptor:build: 7 mini seconds publishing element
Info: WorkProductDescriptor:supporting_requirements_spec: 13 mini seconds publishing element
Info: WorkProductDescriptor:test_case: 8 mini seconds publishing element
Info: WorkProductDescriptor:test_log: 8 mini seconds publishing element
Info: WorkProductDescriptor:test_script: 10 mini seconds publishing element
Info: WorkProductDescriptor:work_items_list: 13 mini seconds publishing element
Info: CapabilityPattern:dsdm_test_solution: 58 mini seconds publishing element
Info: CapabilityPattern:dsdm_test_solution: 5 mini seconds publishing process specific layout data
Info: RoleDescriptor:any_role: 11 mini seconds publishing element
Info: WorkProductDescriptor:work_items_list: 10 mini seconds publishing element
Info: CapabilityPattern:dsdm_ongoing_tasks: 43 mini seconds publishing element
Info: CapabilityPattern:dsdm_ongoing_tasks: 3 mini seconds publishing process specific layout data
Info: CapabilityPattern:dsdm_construction_phase_iteration: 191 mini seconds publishing element
Info: CapabilityPattern:dsdm_construction_phase_iteration: 219 mini seconds publishing process specific layout data
Info: CapabilityPattern:dsdm_transition_phase_iteration: 151 mini seconds publishing element
Info: CapabilityPattern:dsdm_transition_phase_iteration: 380 mini seconds publishing process specific layout data
Info: Concept:iteration: 12 mini seconds publishing element
Info: Task:refine_the_architecture: 28 mini seconds publishing element
Info: Guideline:prioritizing_work_items: 11 mini seconds publishing element
Info: Task:manage_iteration: 22 mini seconds publishing element
Info: Task:plan_iteration: 31 mini seconds publishing element
Info: Task:plan_the_project: 29 mini seconds publishing element
Info: TermDefinition:role: 7 mini seconds publishing element
Info: TermDefinition:task: 4 mini seconds publishing element
Info: TermDefinition:artifact: 5 mini seconds publishing element
Info: CapabilityPattern:inception_phase_iteration: 138 mini seconds publishing element
Info: CapabilityPattern:inception_phase_iteration: 239 mini seconds publishing process specific layout data
Info: CapabilityPattern:elaboration_phase_iteration: 172 mini seconds publishing element
Info: CapabilityPattern:elaboration_phase_iteration: 425 mini seconds publishing process specific layout data
Info: CapabilityPattern:construction_phase_iteration: 155 mini seconds publishing element
Info: CapabilityPattern:construction_phase_iteration: 188 mini seconds publishing process specific layout data
Info: CapabilityPattern:transition_phase_iteration: 137 mini seconds publishing element
Info: CapabilityPattern:transition_phase_iteration: 161 mini seconds publishing process specific layout data
Info: TermDefinition:method_library: 6 mini seconds publishing element
Info: TermDefinition:method_plugin: 5 mini seconds publishing element
Info: TermDefinition:content_package: 7 mini seconds publishing element
Info: TermDefinition:process_package: 5 mini seconds publishing element
Info: TermDefinition:content_element: 5 mini seconds publishing element
Info: TermDefinition:work_product: 4 mini seconds publishing element
Info: TermDefinition:guidance: 7 mini seconds publishing element
Info: TermDefinition:capability_pattern: 5 mini seconds publishing element
Info: TermDefinition:delivery_process: 5 mini seconds publishing element
Info: TermDefinition:method_configuration: 6 mini seconds publishing element
Info: TermDefinition:custom_category: 5 mini seconds publishing element
Info: TermDefinition:discipline: 9 mini seconds publishing element
Info: TaskDescriptor:find_and_outline_requirements: 25 mini seconds publishing element
Info: TaskDescriptor:detail_requirements: 28 mini seconds publishing element
Info: TaskDescriptor:create_test_cases: 18 mini seconds publishing element
Info: RoleDescriptor:analyst: 12 mini seconds publishing element
Info: RoleDescriptor:architect: 8 mini seconds publishing element
Info: RoleDescriptor:developer: 11 mini seconds publishing element
Info: RoleDescriptor:stakeholder: 8 mini seconds publishing element
Info: RoleDescriptor:tester: 10 mini seconds publishing element
Info: WorkProductDescriptor:glossary: 12 mini seconds publishing element
Info: WorkProductDescriptor:iteration_plan: 12 mini seconds publishing element
Info: WorkProductDescriptor:supporting_requirements_spec: 16 mini seconds publishing element
Info: WorkProductDescriptor:test_case: 10 mini seconds publishing element
Info: WorkProductDescriptor:use_case: 14 mini seconds publishing element
Info: WorkProductDescriptor:uc_model: 12 mini seconds publishing element
Info: WorkProductDescriptor:vision: 10 mini seconds publishing element
Info: WorkProductDescriptor:work_items_list: 11 mini seconds publishing element
Info: TaskDescriptor:define_vision: 25 mini seconds publishing element
Info: TaskDescriptor:plan_the_project: 25 mini seconds publishing element
Info: RoleDescriptor:analyst: 9 mini seconds publishing element
Info: RoleDescriptor:architect: 10 mini seconds publishing element
Info: RoleDescriptor:developer: 8 mini seconds publishing element
Info: RoleDescriptor:project_manager: 10 mini seconds publishing element
Info: RoleDescriptor:stakeholder: 9 mini seconds publishing element
Info: RoleDescriptor:tester: 7 mini seconds publishing element
Info: WorkProductDescriptor:glossary: 12 mini seconds publishing element
Info: WorkProductDescriptor:project_plan: 15 mini seconds publishing element
Info: WorkProductDescriptor:risk_list: 9 mini seconds publishing element
Info: WorkProductDescriptor:vision: 11 mini seconds publishing element
Info: WorkProductDescriptor:work_items_list: 18 mini seconds publishing element
Info: TaskDescriptor:request_change: 13 mini seconds publishing element
Info: RoleDescriptor:any_role: 11 mini seconds publishing element
Info: WorkProductDescriptor:work_items_list: 12 mini seconds publishing element
Info: Template:vision: 22 mini seconds publishing element
Info: TermDefinition:feature: 7 mini seconds publishing element
Info: Checklist:actor: 17 mini seconds publishing element
Info: Example:use_case_spec: 16 mini seconds publishing element
Info: Template:uc_specification: 11 mini seconds publishing element
Info: Example:uc_model_evolve: 29 mini seconds publishing element
Info: CustomCategory:architectural_mechanisms: 7 mini seconds publishing element
Info: TaskDescriptor:outline_the_architecture: 24 mini seconds publishing element
Info: RoleDescriptor:analyst: 9 mini seconds publishing element
Info: RoleDescriptor:architect: 13 mini seconds publishing element
Info: RoleDescriptor:developer: 12 mini seconds publishing element
Info: RoleDescriptor:project_manager: 12 mini seconds publishing element
Info: RoleDescriptor:stakeholder: 8 mini seconds publishing element
Info: WorkProductDescriptor:architecture_notebook: 14 mini seconds publishing element
Info: WorkProductDescriptor:glossary: 13 mini seconds publishing element
Info: WorkProductDescriptor:supporting_requirements_spec: 7 mini seconds publishing element
Info: WorkProductDescriptor:use_case: 10 mini seconds publishing element
Info: WorkProductDescriptor:uc_model: 8 mini seconds publishing element
Info: WorkProductDescriptor:vision: 11 mini seconds publishing element
Info: TaskDescriptor:outline_the_architecture: 38 mini seconds publishing element
Info: TaskDescriptor:refine_the_architecture: 21 mini seconds publishing element
Info: TaskDescriptor:design_solution: 28 mini seconds publishing element
Info: TaskDescriptor:impl_developer_tests: 18 mini seconds publishing element
Info: TaskDescriptor:implement_solution: 25 mini seconds publishing element
Info: TaskDescriptor:run_developer_tests: 12 mini seconds publishing element
Info: TaskDescriptor:integrate_and_create_build: 25 mini seconds publishing element
Info: RoleDescriptor:analyst: 10 mini seconds publishing element
Info: RoleDescriptor:architect: 8 mini seconds publishing element
Info: RoleDescriptor:developer: 8 mini seconds publishing element
Info: RoleDescriptor:project_manager: 7 mini seconds publishing element
Info: RoleDescriptor:stakeholder: 11 mini seconds publishing element
Info: RoleDescriptor:tester: 6 mini seconds publishing element
Info: WorkProductDescriptor:architecture: 13 mini seconds publishing element
Info: WorkProductDescriptor:build: 14 mini seconds publishing element
Info: WorkProductDescriptor:design: 17 mini seconds publishing element
Info: WorkProductDescriptor:developer_test: 12 mini seconds publishing element
Info: WorkProductDescriptor:glossary: 8 mini seconds publishing element
Info: WorkProductDescriptor:implementation: 13 mini seconds publishing element
Info: WorkProductDescriptor:supporting_requirements_spec: 11 mini seconds publishing element
Info: WorkProductDescriptor:test_log: 9 mini seconds publishing element
Info: WorkProductDescriptor:test_script: 9 mini seconds publishing element
Info: WorkProductDescriptor:use_case: 12 mini seconds publishing element
Info: WorkProductDescriptor:uc_model: 13 mini seconds publishing element
Info: WorkProductDescriptor:vision: 10 mini seconds publishing element
Info: WorkProductDescriptor:work_items_list: 8 mini seconds publishing element
Info: Task:outline_the_architecture: 69 mini seconds publishing element
Info: Example:architectural_mechanisms: 12 mini seconds publishing element
Info: Example:architectural_mechanism_attributes: 8 mini seconds publishing element
Info: RoleDescriptor:analyst: 8 mini seconds publishing element
Info: RoleDescriptor:architect: 7 mini seconds publishing element
Info: RoleDescriptor:developer: 14 mini seconds publishing element
Info: RoleDescriptor:stakeholder: 7 mini seconds publishing element
Info: RoleDescriptor:tester: 9 mini seconds publishing element
Info: WorkProductDescriptor:architecture_notebook: 14 mini seconds publishing element
Info: WorkProductDescriptor:build: 11 mini seconds publishing element
Info: WorkProductDescriptor:design: 11 mini seconds publishing element
Info: WorkProductDescriptor:supporting_requirements_spec: 11 mini seconds publishing element
Info: WorkProductDescriptor:use_case: 16 mini seconds publishing element
Info: Guideline:developer_testing: 11 mini seconds publishing element
Info: TermDefinition:code_instrumentation: 8 mini seconds publishing element
Info: Concept:collective_code_ownership: 6 mini seconds publishing element
Info: TaskDescriptor:implement_test_scripts: 24 mini seconds publishing element
Info: TaskDescriptor:integrate_and_create_build: 18 mini seconds publishing element
Info: TaskDescriptor:run_tests: 16 mini seconds publishing element
Info: RoleDescriptor:analyst: 9 mini seconds publishing element
Info: RoleDescriptor:developer: 9 mini seconds publishing element
Info: RoleDescriptor:stakeholder: 12 mini seconds publishing element
Info: RoleDescriptor:tester: 11 mini seconds publishing element
Info: WorkProductDescriptor:build: 12 mini seconds publishing element
Info: WorkProductDescriptor:developer_test: 9 mini seconds publishing element
Info: WorkProductDescriptor:implementation: 12 mini seconds publishing element
Info: WorkProductDescriptor:supporting_requirements_spec: 9 mini seconds publishing element
Info: WorkProductDescriptor:test_case: 8 mini seconds publishing element
Info: WorkProductDescriptor:test_log: 15 mini seconds publishing element
Info: WorkProductDescriptor:test_script: 13 mini seconds publishing element
Info: WorkProductDescriptor:work_items_list: 13 mini seconds publishing element
Info: Template:test_case: 11 mini seconds publishing element
Info: Task:run_tests: 33 mini seconds publishing element
Info: Task:implement_test_scripts: 36 mini seconds publishing element
Info: TaskDescriptor:plan_iteration: 23 mini seconds publishing element
Info: TaskDescriptor:manage_iteration: 25 mini seconds publishing element
Info: TaskDescriptor:assess_results: 20 mini seconds publishing element
Info: RoleDescriptor:analyst: 10 mini seconds publishing element
Info: RoleDescriptor:any_role: 8 mini seconds publishing element
Info: RoleDescriptor:architect: 10 mini seconds publishing element
Info: RoleDescriptor:developer: 11 mini seconds publishing element
Info: RoleDescriptor:project_manager: 16 mini seconds publishing element
Info: RoleDescriptor:stakeholder: 10 mini seconds publishing element
Info: RoleDescriptor:tester: 11 mini seconds publishing element
Info: WorkProductDescriptor:architecture_notebook: 8 mini seconds publishing element
Info: WorkProductDescriptor:iteration_plan: 15 mini seconds publishing element
Info: WorkProductDescriptor:project_plan: 13 mini seconds publishing element
Info: WorkProductDescriptor:risk_list: 12 mini seconds publishing element
Info: WorkProductDescriptor:test_log: 7 mini seconds publishing element
Info: WorkProductDescriptor:vision: 11 mini seconds publishing element
Info: WorkProductDescriptor:work_items_list: 16 mini seconds publishing element
Info: Guideline:iteration_assessment: 7 mini seconds publishing element
Info: Report:project_burndown: 11 mini seconds publishing element
Info: Report:iteration_burndown: 11 mini seconds publishing element
Info: Template:risk_list: 8 mini seconds publishing element
Info: TermDefinition:work_item: 5 mini seconds publishing element
Info: TermDefinition:version: 5 mini seconds publishing element
Info: TermDefinition:configuration: 5 mini seconds publishing element
Info: TermDefinition:domain: 7 mini seconds publishing element
Info: WorkProductType:specification: 9 mini seconds publishing element
Info: Template:architecture_notebook: 11 mini seconds publishing element
Info: WorkProductType:solution: 6 mini seconds publishing element
Info: Template:design: 7 mini seconds publishing element
Info: WorkProductType:plan: 8 mini seconds publishing element
Info: Template:iteration_plan: 10 mini seconds publishing element
Info: Example:iteration_plan: 13 mini seconds publishing element
Info: Template:project_plan: 9 mini seconds publishing element
Info: Example:project_plan: 8 mini seconds publishing element
Info: WorkProductType:project_data: 6 mini seconds publishing element
Info: Template:work_items_list: 13 mini seconds publishing element
Info: Example:work_items_list: 9 mini seconds publishing element
Info: TermDefinition:risk: 7 mini seconds publishing element
Info: Template:supporting_requirements_spec: 10 mini seconds publishing element
Info: WorkProductType:concept: 8 mini seconds publishing element
Info: WorkProductType:model_element: 7 mini seconds publishing element
Info: WorkProductType:model: 6 mini seconds publishing element
Info: Template:manual_test_script: 8 mini seconds publishing element
Info: CustomCategory:collab_commun_layer: 7 mini seconds publishing element
Info: CustomCategory:management_layer: 7 mini seconds publishing element
Info: CustomCategory:intent_layer: 6 mini seconds publishing element
Info: CustomCategory:solution_layer: 7 mini seconds publishing element
Info: TaskDescriptor:find_and_outline_requirements: 20 mini seconds publishing element
Info: TaskDescriptor:detail_requirements: 29 mini seconds publishing element
Info: TaskDescriptor:create_test_case: 22 mini seconds publishing element
Info: WorkProductDescriptor:glossary: 10 mini seconds publishing element
Info: WorkProductDescriptor:supporting_requirements_spec: 14 mini seconds publishing element
Info: WorkProductDescriptor:test_case: 10 mini seconds publishing element
Info: WorkProductDescriptor:use_case: 16 mini seconds publishing element
Info: WorkProductDescriptor:uc_model: 12 mini seconds publishing element
Info: RoleDescriptor:analyst: 13 mini seconds publishing element
Info: RoleDescriptor:architect: 8 mini seconds publishing element
Info: RoleDescriptor:developer: 9 mini seconds publishing element
Info: RoleDescriptor:stakeholder: 11 mini seconds publishing element
Info: RoleDescriptor:tester: 11 mini seconds publishing element
Info: WorkProductDescriptor:iteration_plan: 13 mini seconds publishing element
Info: WorkProductDescriptor:vision: 11 mini seconds publishing element
Info: WorkProductDescriptor:work_items_list: 16 mini seconds publishing element
Info: TermDefinition:model: 7 mini seconds publishing element
Info: TermDefinition:model_element: 6 mini seconds publishing element
Info: TermDefinition:document: 10 mini seconds publishing element
Info: TermDefinition:process: 6 mini seconds publishing element
Info: TermDefinition:uma: 6 mini seconds publishing element
Info: TermDefinition:method_content: 11 mini seconds publishing element
Info: TermDefinition:activity: 7 mini seconds publishing element
Info: TermDefinition:breakdown_structure: 12 mini seconds publishing element
Info: TermDefinition:view: 7 mini seconds publishing element
Info: TermDefinition:stakeholder_need: 6 mini seconds publishing element
Info: Example:project_burndown_report_example: 10 mini seconds publishing element
Info: Example:iteration_burndown_report_example: 11 mini seconds publishing element
Info: TermDefinition:view_element: 6 mini seconds publishing element
Info: TermDefinition:breakdown_element: 8 mini seconds publishing element
Info: TermDefinition:descriptor: 11 mini seconds publishing element
Info: : Publishing time: 0 minutes 21 seconds
