Info: CustomCategory:scrum_overview: 275 mini seconds publishing element
Info: SupportingMaterial:scrum_overview: 115 mini seconds publishing element
Info: RoleSet:scrum_roles: 11 mini seconds publishing element
Info: Role:product_owner: 357 mini seconds publishing element
Info: Role:scrummaster: 30 mini seconds publishing element
Info: Role:scrum_team: 55 mini seconds publishing element
Info: WorkProductType:scrum_work_products: 8 mini seconds publishing element
Info: Artifact:potentially_shippable_product_incremement: 112 mini seconds publishing element
Info: Artifact:product_backlog: 17 mini seconds publishing element
Info: Artifact:release_burndown_chart: 12 mini seconds publishing element
Info: Artifact:sprint_backlog: 12 mini seconds publishing element
Info: Artifact:sprint_burndown_chart: 10 mini seconds publishing element
Info: Artifact:taskboard: 12 mini seconds publishing element
Info: Discipline:scrum_activities: 8 mini seconds publishing element
Info: Task:sprint_planning_meeting: 112 mini seconds publishing element
Info: Task:sprint_retrospective: 8 mini seconds publishing element
Info: Task:sprint_review_meeting: 8 mini seconds publishing element
Info: Task:the_daily_scrum: 8 mini seconds publishing element
Info: Task:estimating_the_backlog: 8 mini seconds publishing element
Info: Task:prioritizing_the_backlog: 8 mini seconds publishing element
Info: Task:release_planning: 7 mini seconds publishing element
Info: CustomCategory:scrum_guidance: 6 mini seconds publishing element
Info: Guideline:scrum_of_scrums: 7 mini seconds publishing element
Info: Guideline:estimation_techniques: 6 mini seconds publishing element
Info: Guideline:prioritizing_the_backlog: 6 mini seconds publishing element
Info: SupportingMaterial:scrum_references: 5 mini seconds publishing element
Info: Concept:story_points: 8 mini seconds publishing element
Info: Template:burndown_chart: 98 mini seconds publishing element
Info: Example:example_product_backlog: 9 mini seconds publishing element
Info: Example:alternative_release_burndown_chart: 11 mini seconds publishing element
Info: : Publishing time: 0 minutes 2 seconds
