Info: CustomCategory:openup_treebrowser: 16 mini seconds publishing element
Info: CustomCategory:introduction_to_openup: 34 mini seconds publishing element
Info: CustomCategory:core_principles_category: 8 mini seconds publishing element
Info: Concept:core_principle_balance: 10 mini seconds publishing element
Info: Concept:core_principle_collaborate: 8 mini seconds publishing element
Info: Concept:core_principle_focus: 10 mini seconds publishing element
Info: Concept:core_principle_evolve: 10 mini seconds publishing element
Info: SupportingMaterial:minimal_complete_extensible: 11 mini seconds publishing element
Info: Concept:iteration_lifecycle: 20 mini seconds publishing element
Info: Concept:micro_increments: 11 mini seconds publishing element
Info: Concept:project_lifecycle: 15 mini seconds publishing element
Info: SupportingMaterial:openup_family: 9 mini seconds publishing element
Info: SupportingMaterial:who_should_use_openup: 5 mini seconds publishing element
Info: CustomCategory:getting_started_with_openup: 8 mini seconds publishing element
Info: Roadmap:openup_roadmap: 14 mini seconds publishing element
Info: SupportingMaterial:resources_for_modifying_methods: 9 mini seconds publishing element
Info: SupportingMaterial:resources_for_contributing_to_openup: 6 mini seconds publishing element
Info: DisciplineGrouping:openup_disciplines: 9 mini seconds publishing element
Info: Discipline:requirements: 21 mini seconds publishing element
Info: CapabilityPattern:identify_and_refine_requirements: 453 mini seconds publishing element
Info: CapabilityPattern:identify_and_refine_requirements: 11 mini seconds publishing process specific layout data
Info: CapabilityPattern:initiate_project: 58 mini seconds publishing element
Info: CapabilityPattern:initiate_project: 6 mini seconds publishing process specific layout data
Info: CapabilityPattern:ongoing_tasks: 36 mini seconds publishing element
Info: CapabilityPattern:ongoing_tasks: 3 mini seconds publishing process specific layout data
Info: Task:define_vision: 40 mini seconds publishing element
Info: Task:detail_requirements: 44 mini seconds publishing element
Info: Task:find_and_outline_requirements: 38 mini seconds publishing element
Info: Concept:actor: 12 mini seconds publishing element
Info: Guideline:detail_ucs_and_scenarios: 17 mini seconds publishing element
Info: Guideline:effective_req_reviews: 10 mini seconds publishing element
Info: Guideline:find_and_outline_actors_and_ucs: 9 mini seconds publishing element
Info: Checklist:good_requirements: 95 mini seconds publishing element
Info: Concept:requirement_attributes: 7 mini seconds publishing element
Info: Guideline:requirement_pitfalls: 16 mini seconds publishing element
Info: Concept:requirements: 12 mini seconds publishing element
Info: Guideline:req_gathering_techniques: 11 mini seconds publishing element
Info: Checklist:supporting_requirements: 14 mini seconds publishing element
Info: Concept:supporting_requirements: 9 mini seconds publishing element
Info: Guideline:supporting_requirements: 13 mini seconds publishing element
Info: Concept:traceability: 6 mini seconds publishing element
Info: Checklist:use_case: 14 mini seconds publishing element
Info: Concept:use_case: 24 mini seconds publishing element
Info: Guideline:use_case_formats: 11 mini seconds publishing element
Info: Checklist:uc_model: 14 mini seconds publishing element
Info: Concept:use_case_model: 19 mini seconds publishing element
Info: Guideline:uc_model: 14 mini seconds publishing element
Info: Checklist:vision: 15 mini seconds publishing element
Info: Guideline:writing_good_requirements: 11 mini seconds publishing element
Info: Discipline:architecture: 12 mini seconds publishing element
Info: CapabilityPattern:agree_technical_approach: 46 mini seconds publishing element
Info: CapabilityPattern:agree_technical_approach: 7 mini seconds publishing process specific layout data
Info: : 1049 mini-second(s) publishing element CapabilityPattern:develop_architecture[openup\capabilitypatterns\develop_architecture_AF0A71D5.html]
Info: CapabilityPattern:develop_architecture: 1051 mini seconds publishing element
Info: CapabilityPattern:develop_architecture: 194 mini seconds publishing process specific layout data
Info: Task:outline_the_architecture: 38 mini seconds publishing element
Info: Task:refine_the_architecture: 25 mini seconds publishing element
Info: Guideline:abstract_away_complexity: 11 mini seconds publishing element
Info: Concept:arch_mech: 16 mini seconds publishing element
Info: Guideline:architectural_mechanisms: 8 mini seconds publishing element
Info: Guideline:architectural_view: 12 mini seconds publishing element
Info: Concept:architecturally_significant_requirements: 10 mini seconds publishing element
Info: Checklist:architecture_notebook: 10 mini seconds publishing element
Info: Concept:business_pattern: 7 mini seconds publishing element
Info: Concept:component: 10 mini seconds publishing element
Info: Guideline:determine_architecturally_significant_requirements: 6 mini seconds publishing element
Info: Guideline:develop_architecture: 7 mini seconds publishing element
Info: Guideline:entity_control_boundary_pattern: 11 mini seconds publishing element
Info: Concept:executable_architecture: 8 mini seconds publishing element
Info: Guideline:layering: 10 mini seconds publishing element
Info: Guideline:outline_the_architecture: 12 mini seconds publishing element
Info: Concept:pattern: 14 mini seconds publishing element
Info: Concept:software_architecture: 12 mini seconds publishing element
Info: Concept:visual_modeling: 14 mini seconds publishing element
Info: Discipline:development: 12 mini seconds publishing element
Info: CapabilityPattern:develop_solution: 180 mini seconds publishing element
Info: CapabilityPattern:develop_solution: 152 mini seconds publishing process specific layout data
Info: Task:impl_developer_tests: 22 mini seconds publishing element
Info: Task:implement_solution: 22 mini seconds publishing element
Info: Task:run_developer_tests: 15 mini seconds publishing element
Info: Task:design_solution: 43 mini seconds publishing element
Info: Guideline:analyze_the_design: 11 mini seconds publishing element
Info: Concept:coding_standard: 6 mini seconds publishing element
Info: Concept:continuous_integration: 8 mini seconds publishing element
Info: Guideline:continuous_integration: 10 mini seconds publishing element
Info: Checklist:design: 21 mini seconds publishing element
Info: Concept:design: 11 mini seconds publishing element
Info: Guideline:designing_visually: 29 mini seconds publishing element
Info: Concept:developer_testing: 8 mini seconds publishing element
Info: Guideline:evolve_the_design: 18 mini seconds publishing element
Info: Checklist:implementation: 13 mini seconds publishing element
Info: Guideline:promoting_changes: 10 mini seconds publishing element
Info: Concept:refactoring: 8 mini seconds publishing element
Info: Guideline:refactoring: 12 mini seconds publishing element
Info: Guideline:software_reuse: 11 mini seconds publishing element
Info: Concept:test_first_design: 7 mini seconds publishing element
Info: Guideline:test_first_design: 15 mini seconds publishing element
Info: Guideline:transforming_design_into_implementation: 6 mini seconds publishing element
Info: Guideline:uc_realizations: 11 mini seconds publishing element
Info: Discipline:test: 10 mini seconds publishing element
Info: CapabilityPattern:test_solution: 60 mini seconds publishing element
Info: CapabilityPattern:test_solution: 7 mini seconds publishing process specific layout data
Info: Task:create_test_cases: 21 mini seconds publishing element
Info: Task:run_tests: 17 mini seconds publishing element
Info: Task:implement_test_scripts: 23 mini seconds publishing element
Info: Concept:failure_analysis_rpt_creation: 6 mini seconds publishing element
Info: Guideline:maintaining_automated_test_suite: 7 mini seconds publishing element
Info: Guideline:programming_automated_tests: 6 mini seconds publishing element
Info: Checklist:test_case: 8 mini seconds publishing element
Info: Checklist:test_script: 12 mini seconds publishing element
Info: Guideline:test_suite: 6 mini seconds publishing element
Info: Concept:types_of_test: 9 mini seconds publishing element
Info: Discipline:project_management: 11 mini seconds publishing element
Info: CapabilityPattern:plan_manage_iteration: 65 mini seconds publishing element
Info: CapabilityPattern:plan_manage_iteration: 9 mini seconds publishing process specific layout data
Info: Task:assess_results: 20 mini seconds publishing element
Info: Task:plan_the_project: 29 mini seconds publishing element
Info: Task:plan_iteration: 22 mini seconds publishing element
Info: Task:manage_iteration: 19 mini seconds publishing element
Info: Guideline:agile_estimation: 10 mini seconds publishing element
Info: Guideline:assign_changes_to_iteration: 7 mini seconds publishing element
Info: Guideline:conduct_retrospective: 8 mini seconds publishing element
Info: Guideline:daily_meetings: 6 mini seconds publishing element
Info: Guideline:deploying_the_solution: 7 mini seconds publishing element
Info: Checklist:iteration_plan: 8 mini seconds publishing element
Info: Guideline:iteration_planning: 12 mini seconds publishing element
Info: Guideline:risk_management: 8 mini seconds publishing element
Info: Concept:metrics: 6 mini seconds publishing element
Info: Concept:phase_milestones: 10 mini seconds publishing element
Info: Checklist:project_plan: 8 mini seconds publishing element
Info: Concept:retrospective: 7 mini seconds publishing element
Info: Concept:risk: 9 mini seconds publishing element
Info: Checklist:risk_list: 9 mini seconds publishing element
Info: Guideline:self_organize_work_assignments: 8 mini seconds publishing element
Info: Guideline:staffing_project: 10 mini seconds publishing element
Info: Checklist:work_items_list: 9 mini seconds publishing element
Info: Discipline:config_and_change_management: 9 mini seconds publishing element
Info: Task:request_change: 10 mini seconds publishing element
Info: Task:integrate_and_create_build: 22 mini seconds publishing element
Info: Concept:change_requests: 6 mini seconds publishing element
Info: Concept:change_set: 7 mini seconds publishing element
Info: Guideline:work_items_list: 11 mini seconds publishing element
Info: Guideline:submitting_change_requests: 6 mini seconds publishing element
Info: Concept:workspace: 6 mini seconds publishing element
Info: Domain:openup_wp: 7 mini seconds publishing element
Info: Domain:architecture: 6 mini seconds publishing element
Info: Artifact:architecture_notebook: 21 mini seconds publishing element
Info: Domain:development: 5 mini seconds publishing element
Info: Artifact:design: 16 mini seconds publishing element
Info: Artifact:build: 11 mini seconds publishing element
Info: Artifact:developer_test: 10 mini seconds publishing element
Info: Artifact:implementation: 10 mini seconds publishing element
Info: Domain:project_management: 10 mini seconds publishing element
Info: Artifact:iteration_plan: 21 mini seconds publishing element
Info: Artifact:project_plan: 15 mini seconds publishing element
Info: Artifact:work_items_list: 28 mini seconds publishing element
Info: Artifact:risk_list: 13 mini seconds publishing element
Info: Domain:requirements: 7 mini seconds publishing element
Info: Artifact:supporting_requirements_spec: 24 mini seconds publishing element
Info: Artifact:vision: 18 mini seconds publishing element
Info: Artifact:use_case: 23 mini seconds publishing element
Info: Artifact:glossary: 14 mini seconds publishing element
Info: Artifact:uc_model: 26 mini seconds publishing element
Info: Domain:test: 5 mini seconds publishing element
Info: Artifact:test_case: 15 mini seconds publishing element
Info: Artifact:test_log: 12 mini seconds publishing element
Info: Artifact:test_script: 14 mini seconds publishing element
Info: RoleSet:openup_roles: 13 mini seconds publishing element
Info: Role:architect: 47 mini seconds publishing element
Info: Role:project_manager: 44 mini seconds publishing element
Info: Role:analyst: 47 mini seconds publishing element
Info: Role:tester: 43 mini seconds publishing element
Info: Role:any_role: 19 mini seconds publishing element
Info: Role:developer: 55 mini seconds publishing element
Info: Role:stakeholder: 23 mini seconds publishing element
Info: DeliveryProcess:openup_lifecycle: 269 mini seconds publishing element
Info: DeliveryProcess:openup_lifecycle: 1056 mini seconds publishing process specific layout data
Info: Activity:inception_phase_iteration: 146 mini seconds publishing element
Info: Activity:initiate_project: 69 mini seconds publishing element
Info: Activity:manage_iteration: 67 mini seconds publishing element
Info: Activity:identify_and_refine_requirements: 297 mini seconds publishing element
Info: Activity:agree_technical_approach: 100 mini seconds publishing element
Info: Milestone:lifecycle_objectives: 123 mini seconds publishing element
Info: Activity:elaboration_phase_iteration: 192 mini seconds publishing element
Info: Activity:manage_iteration: 63 mini seconds publishing element
Info: Activity:identify_and_refine_requirements: 57 mini seconds publishing element
Info: Activity:develop_architecture: 129 mini seconds publishing element
Info: Activity:develop_solution: 152 mini seconds publishing element
Info: Activity:develop_solution: 367 mini seconds publishing element
Info: Activity:Test Solution: 61 mini seconds publishing element
Info: Activity:ongoing_tasks: 49 mini seconds publishing element
Info: Milestone:lifecycle_architecture: 13 mini seconds publishing element
Info: Activity:construction_phase_iteration: 159 mini seconds publishing element
Info: Activity:manage_iteration: 62 mini seconds publishing element
Info: Activity:identify_and_refine_requirements: 49 mini seconds publishing element
Info: Activity:develop_solution: 161 mini seconds publishing element
Info: Activity:test_solution: 68 mini seconds publishing element
Info: Activity:ongoing_tasks: 58 mini seconds publishing element
Info: Milestone:initial_operational_capability: 10 mini seconds publishing element
Info: Activity:transition_phase_iteration: 134 mini seconds publishing element
Info: Activity:manage_iteration: 56 mini seconds publishing element
Info: Activity:develop_solution: 167 mini seconds publishing element
Info: Activity:test_solution: 53 mini seconds publishing element
Info: Activity:ongoing_tasks: 46 mini seconds publishing element
Info: Milestone:product_release: 7 mini seconds publishing element
Info: Concept:construction_phase: 11 mini seconds publishing element
Info: Concept:elaboration_phase: 10 mini seconds publishing element
Info: Concept:inception_phase: 8 mini seconds publishing element
Info: Concept:transition_phase: 7 mini seconds publishing element
Info: SupportingMaterial:openup_copyright: 6 mini seconds publishing element
Info: CustomCategory:about: 6 mini seconds publishing element
Info: SupportingMaterial:about_openup: 7 mini seconds publishing element
Info: SupportingMaterial:about_base_concepts: 9 mini seconds publishing element
Info: Concept:iteration: 9 mini seconds publishing element
Info: Guideline:prioritizing_work_items: 9 mini seconds publishing element
Info: SupportingMaterial:references: 14 mini seconds publishing element
Info: Concept:phase: 5 mini seconds publishing element
Info: TermDefinition:role: 5 mini seconds publishing element
Info: TermDefinition:task: 5 mini seconds publishing element
Info: TermDefinition:artifact: 4 mini seconds publishing element
Info: CapabilityPattern:inception_phase_iteration: 129 mini seconds publishing element
Info: CapabilityPattern:inception_phase_iteration: 220 mini seconds publishing process specific layout data
Info: CapabilityPattern:elaboration_phase_iteration: 199 mini seconds publishing element
Info: CapabilityPattern:elaboration_phase_iteration: 512 mini seconds publishing process specific layout data
Info: CapabilityPattern:construction_phase_iteration: 159 mini seconds publishing element
Info: CapabilityPattern:construction_phase_iteration: 173 mini seconds publishing process specific layout data
Info: CapabilityPattern:transition_phase_iteration: 132 mini seconds publishing element
Info: CapabilityPattern:transition_phase_iteration: 149 mini seconds publishing process specific layout data
Info: TermDefinition:method_library: 5 mini seconds publishing element
Info: TermDefinition:method_plugin: 5 mini seconds publishing element
Info: TermDefinition:content_package: 5 mini seconds publishing element
Info: TermDefinition:process_package: 4 mini seconds publishing element
Info: TermDefinition:content_element: 10 mini seconds publishing element
Info: TermDefinition:work_product: 4 mini seconds publishing element
Info: TermDefinition:guidance: 8 mini seconds publishing element
Info: TermDefinition:capability_pattern: 5 mini seconds publishing element
Info: TermDefinition:delivery_process: 3 mini seconds publishing element
Info: TermDefinition:method_configuration: 4 mini seconds publishing element
Info: TermDefinition:custom_category: 5 mini seconds publishing element
Info: TermDefinition:discipline: 4 mini seconds publishing element
Info: TaskDescriptor:find_and_outline_requirements: 116 mini seconds publishing element
Info: TaskDescriptor:detail_requirements: 21 mini seconds publishing element
Info: TaskDescriptor:create_test_cases: 22 mini seconds publishing element
Info: RoleDescriptor:analyst: 96 mini seconds publishing element
Info: RoleDescriptor:architect: 7 mini seconds publishing element
Info: RoleDescriptor:developer: 7 mini seconds publishing element
Info: RoleDescriptor:stakeholder: 7 mini seconds publishing element
Info: RoleDescriptor:tester: 9 mini seconds publishing element
Info: WorkProductDescriptor:glossary: 140 mini seconds publishing element
Info: WorkProductDescriptor:iteration_plan: 8 mini seconds publishing element
Info: WorkProductDescriptor:supporting_requirements_spec: 18 mini seconds publishing element
Info: WorkProductDescriptor:test_case: 8 mini seconds publishing element
Info: WorkProductDescriptor:use_case: 12 mini seconds publishing element
Info: WorkProductDescriptor:uc_model: 18 mini seconds publishing element
Info: WorkProductDescriptor:vision: 9 mini seconds publishing element
Info: WorkProductDescriptor:work_items_list: 9 mini seconds publishing element
Info: TaskDescriptor:define_vision: 23 mini seconds publishing element
Info: TaskDescriptor:plan_the_project: 20 mini seconds publishing element
Info: RoleDescriptor:analyst: 11 mini seconds publishing element
Info: RoleDescriptor:architect: 8 mini seconds publishing element
Info: RoleDescriptor:developer: 11 mini seconds publishing element
Info: RoleDescriptor:project_manager: 10 mini seconds publishing element
Info: RoleDescriptor:stakeholder: 11 mini seconds publishing element
Info: RoleDescriptor:tester: 12 mini seconds publishing element
Info: WorkProductDescriptor:glossary: 13 mini seconds publishing element
Info: WorkProductDescriptor:project_plan: 11 mini seconds publishing element
Info: WorkProductDescriptor:risk_list: 9 mini seconds publishing element
Info: WorkProductDescriptor:vision: 15 mini seconds publishing element
Info: WorkProductDescriptor:work_items_list: 12 mini seconds publishing element
Info: TaskDescriptor:request_change: 10 mini seconds publishing element
Info: RoleDescriptor:any_role: 6 mini seconds publishing element
Info: WorkProductDescriptor:work_items_list: 9 mini seconds publishing element
Info: Template:vision: 15 mini seconds publishing element
Info: TermDefinition:feature: 6 mini seconds publishing element
Info: Checklist:actor: 13 mini seconds publishing element
Info: Example:use_case_spec: 14 mini seconds publishing element
Info: Template:uc_specification: 10 mini seconds publishing element
Info: Example:uc_model_evolve: 24 mini seconds publishing element
Info: CustomCategory:architectural_mechanisms: 7 mini seconds publishing element
Info: TaskDescriptor:outline_the_architecture: 18 mini seconds publishing element
Info: RoleDescriptor:analyst: 7 mini seconds publishing element
Info: RoleDescriptor:architect: 11 mini seconds publishing element
Info: RoleDescriptor:developer: 7 mini seconds publishing element
Info: RoleDescriptor:project_manager: 7 mini seconds publishing element
Info: RoleDescriptor:stakeholder: 12 mini seconds publishing element
Info: WorkProductDescriptor:architecture_notebook: 9 mini seconds publishing element
Info: WorkProductDescriptor:glossary: 8 mini seconds publishing element
Info: WorkProductDescriptor:supporting_requirements_spec: 8 mini seconds publishing element
Info: WorkProductDescriptor:use_case: 10 mini seconds publishing element
Info: WorkProductDescriptor:uc_model: 8 mini seconds publishing element
Info: WorkProductDescriptor:vision: 8 mini seconds publishing element
Info: TaskDescriptor:outline_the_architecture: 31 mini seconds publishing element
Info: TaskDescriptor:refine_the_architecture: 15 mini seconds publishing element
Info: TaskDescriptor:design_solution: 20 mini seconds publishing element
Info: TaskDescriptor:impl_developer_tests: 16 mini seconds publishing element
Info: TaskDescriptor:implement_solution: 16 mini seconds publishing element
Info: TaskDescriptor:run_developer_tests: 11 mini seconds publishing element
Info: TaskDescriptor:integrate_and_create_build: 13 mini seconds publishing element
Info: RoleDescriptor:analyst: 8 mini seconds publishing element
Info: RoleDescriptor:architect: 8 mini seconds publishing element
Info: RoleDescriptor:developer: 7 mini seconds publishing element
Info: RoleDescriptor:project_manager: 10 mini seconds publishing element
Info: RoleDescriptor:stakeholder: 10 mini seconds publishing element
Info: RoleDescriptor:tester: 6 mini seconds publishing element
Info: WorkProductDescriptor:architecture: 13 mini seconds publishing element
Info: WorkProductDescriptor:build: 8 mini seconds publishing element
Info: WorkProductDescriptor:design: 10 mini seconds publishing element
Info: WorkProductDescriptor:developer_test: 10 mini seconds publishing element
Info: WorkProductDescriptor:glossary: 7 mini seconds publishing element
Info: WorkProductDescriptor:implementation: 20 mini seconds publishing element
Info: WorkProductDescriptor:supporting_requirements_spec: 9 mini seconds publishing element
Info: WorkProductDescriptor:test_log: 9 mini seconds publishing element
Info: WorkProductDescriptor:test_script: 12 mini seconds publishing element
Info: WorkProductDescriptor:use_case: 9 mini seconds publishing element
Info: WorkProductDescriptor:uc_model: 9 mini seconds publishing element
Info: WorkProductDescriptor:vision: 9 mini seconds publishing element
Info: WorkProductDescriptor:work_items_list: 11 mini seconds publishing element
Info: Example:architectural_mechanisms: 6 mini seconds publishing element
Info: Example:architectural_mechanism_attributes: 10 mini seconds publishing element
Info: RoleDescriptor:analyst: 7 mini seconds publishing element
Info: RoleDescriptor:architect: 8 mini seconds publishing element
Info: RoleDescriptor:developer: 11 mini seconds publishing element
Info: RoleDescriptor:stakeholder: 6 mini seconds publishing element
Info: RoleDescriptor:tester: 8 mini seconds publishing element
Info: WorkProductDescriptor:architecture_notebook: 8 mini seconds publishing element
Info: WorkProductDescriptor:build: 9 mini seconds publishing element
Info: WorkProductDescriptor:design: 10 mini seconds publishing element
Info: WorkProductDescriptor:supporting_requirements_spec: 10 mini seconds publishing element
Info: WorkProductDescriptor:use_case: 10 mini seconds publishing element
Info: Guideline:developer_testing: 19 mini seconds publishing element
Info: TermDefinition:code_instrumentation: 7 mini seconds publishing element
Info: Concept:collective_code_ownership: 7 mini seconds publishing element
Info: TaskDescriptor:implement_test_scripts: 24 mini seconds publishing element
Info: TaskDescriptor:integrate_and_create_build: 14 mini seconds publishing element
Info: TaskDescriptor:run_tests: 18 mini seconds publishing element
Info: RoleDescriptor:analyst: 9 mini seconds publishing element
Info: RoleDescriptor:developer: 8 mini seconds publishing element
Info: RoleDescriptor:stakeholder: 7 mini seconds publishing element
Info: RoleDescriptor:tester: 14 mini seconds publishing element
Info: WorkProductDescriptor:build: 12 mini seconds publishing element
Info: WorkProductDescriptor:developer_test: 9 mini seconds publishing element
Info: WorkProductDescriptor:implementation: 8 mini seconds publishing element
Info: WorkProductDescriptor:supporting_requirements_spec: 10 mini seconds publishing element
Info: WorkProductDescriptor:test_case: 9 mini seconds publishing element
Info: WorkProductDescriptor:test_log: 10 mini seconds publishing element
Info: WorkProductDescriptor:test_script: 13 mini seconds publishing element
Info: WorkProductDescriptor:work_items_list: 10 mini seconds publishing element
Info: Template:test_case: 9 mini seconds publishing element
Info: TaskDescriptor:plan_iteration: 21 mini seconds publishing element
Info: TaskDescriptor:manage_iteration: 18 mini seconds publishing element
Info: TaskDescriptor:assess_results: 18 mini seconds publishing element
Info: RoleDescriptor:analyst: 8 mini seconds publishing element
Info: RoleDescriptor:any_role: 7 mini seconds publishing element
Info: RoleDescriptor:architect: 8 mini seconds publishing element
Info: RoleDescriptor:developer: 10 mini seconds publishing element
Info: RoleDescriptor:project_manager: 12 mini seconds publishing element
Info: RoleDescriptor:stakeholder: 13 mini seconds publishing element
Info: RoleDescriptor:tester: 8 mini seconds publishing element
Info: WorkProductDescriptor:architecture_notebook: 7 mini seconds publishing element
Info: WorkProductDescriptor:iteration_plan: 13 mini seconds publishing element
Info: WorkProductDescriptor:project_plan: 15 mini seconds publishing element
Info: WorkProductDescriptor:risk_list: 12 mini seconds publishing element
Info: WorkProductDescriptor:test_log: 9 mini seconds publishing element
Info: WorkProductDescriptor:vision: 14 mini seconds publishing element
Info: WorkProductDescriptor:work_items_list: 18 mini seconds publishing element
Info: Guideline:iteration_assessment: 7 mini seconds publishing element
Info: Report:project_burndown: 11 mini seconds publishing element
Info: Report:iteration_burndown: 8 mini seconds publishing element
Info: Template:risk_list: 8 mini seconds publishing element
Info: TermDefinition:work_item: 5 mini seconds publishing element
Info: TermDefinition:version: 5 mini seconds publishing element
Info: TermDefinition:configuration: 4 mini seconds publishing element
Info: TermDefinition:domain: 5 mini seconds publishing element
Info: WorkProductType:specification: 8 mini seconds publishing element
Info: Template:architecture_notebook: 8 mini seconds publishing element
Info: WorkProductType:solution: 7 mini seconds publishing element
Info: Template:design: 6 mini seconds publishing element
Info: WorkProductType:plan: 5 mini seconds publishing element
Info: Template:iteration_plan: 8 mini seconds publishing element
Info: Example:iteration_plan: 10 mini seconds publishing element
Info: Template:project_plan: 7 mini seconds publishing element
Info: Example:project_plan: 6 mini seconds publishing element
Info: WorkProductType:project_data: 6 mini seconds publishing element
Info: Template:work_items_list: 6 mini seconds publishing element
Info: Example:work_items_list: 7 mini seconds publishing element
Info: TermDefinition:risk: 3 mini seconds publishing element
Info: Template:supporting_requirements_spec: 8 mini seconds publishing element
Info: WorkProductType:concept: 8 mini seconds publishing element
Info: WorkProductType:model_element: 4 mini seconds publishing element
Info: WorkProductType:model: 7 mini seconds publishing element
Info: Template:manual_test_script: 7 mini seconds publishing element
Info: CustomCategory:collab_commun_layer: 6 mini seconds publishing element
Info: CustomCategory:management_layer: 5 mini seconds publishing element
Info: CustomCategory:intent_layer: 4 mini seconds publishing element
Info: CustomCategory:solution_layer: 5 mini seconds publishing element
Info: TaskDescriptor:find_and_outline_requirements: 16 mini seconds publishing element
Info: TaskDescriptor:detail_requirements: 22 mini seconds publishing element
Info: TaskDescriptor:create_test_case: 14 mini seconds publishing element
Info: WorkProductDescriptor:glossary: 7 mini seconds publishing element
Info: WorkProductDescriptor:supporting_requirements_spec: 10 mini seconds publishing element
Info: WorkProductDescriptor:test_case: 8 mini seconds publishing element
Info: WorkProductDescriptor:use_case: 11 mini seconds publishing element
Info: WorkProductDescriptor:uc_model: 10 mini seconds publishing element
Info: RoleDescriptor:analyst: 15 mini seconds publishing element
Info: RoleDescriptor:architect: 7 mini seconds publishing element
Info: RoleDescriptor:developer: 8 mini seconds publishing element
Info: RoleDescriptor:stakeholder: 7 mini seconds publishing element
Info: RoleDescriptor:tester: 10 mini seconds publishing element
Info: WorkProductDescriptor:iteration_plan: 8 mini seconds publishing element
Info: WorkProductDescriptor:vision: 9 mini seconds publishing element
Info: WorkProductDescriptor:work_items_list: 12 mini seconds publishing element
Info: TermDefinition:model: 4 mini seconds publishing element
Info: TermDefinition:model_element: 5 mini seconds publishing element
Info: TermDefinition:document: 4 mini seconds publishing element
Info: TermDefinition:process: 5 mini seconds publishing element
Info: TermDefinition:uma: 5 mini seconds publishing element
Info: TermDefinition:method_content: 4 mini seconds publishing element
Info: TermDefinition:activity: 5 mini seconds publishing element
Info: TermDefinition:breakdown_structure: 4 mini seconds publishing element
Info: TermDefinition:view: 4 mini seconds publishing element
Info: TermDefinition:stakeholder_need: 4 mini seconds publishing element
Info: Example:project_burndown_report_example: 8 mini seconds publishing element
Info: Example:iteration_burndown_report_example: 7 mini seconds publishing element
Info: TermDefinition:view_element: 5 mini seconds publishing element
Info: TermDefinition:breakdown_element: 7 mini seconds publishing element
Info: TermDefinition:descriptor: 4 mini seconds publishing element
Info: : Publishing time: 0 minutes 14 seconds
