Info: CustomCategory:overview: 11 mini seconds publishing element
Info: CustomCategory:getting_started: 13 mini seconds publishing element
Info: SupportingMaterial:getting_started_with_xp: 9 mini seconds publishing element
Info: CustomCategory:key_xp_concepts: 8 mini seconds publishing element
Info: Concept:what_is_xp: 6 mini seconds publishing element
Info: Concept:motivation: 6 mini seconds publishing element
Info: Concept:agile_software_development: 5 mini seconds publishing element
Info: Concept:xp_values: 5 mini seconds publishing element
Info: Concept:xp_practices: 12 mini seconds publishing element
Info: Concept:xp_rights: 4 mini seconds publishing element
Info: CustomCategory:xp_best_practices: 13 mini seconds publishing element
Info: Concept:xp_sustainable_pace: 6 mini seconds publishing element
Info: Concept:small_releases: 8 mini seconds publishing element
Info: Concept:collective_ownership: 6 mini seconds publishing element
Info: Concept:planning_game: 8 mini seconds publishing element
Info: Concept:pair_programming: 7 mini seconds publishing element
Info: Concept:refactoring_xp_programming: 8 mini seconds publishing element
Info: Concept:test_driven_development: 7 mini seconds publishing element
Info: Concept:customer_tests: 8 mini seconds publishing element
Info: Concept:continuous_integration: 11 mini seconds publishing element
Info: Concept:simple_design: 8 mini seconds publishing element
Info: Concept:metaphor_system_of_names: 7 mini seconds publishing element
Info: Concept:coding_standard: 7 mini seconds publishing element
Info: Concept:whole_team: 6 mini seconds publishing element
Info: CustomCategory:guidelines_overview: 5 mini seconds publishing element
Info: Guideline:xp_environment: 7 mini seconds publishing element
Info: Guideline:open_workspace: 5 mini seconds publishing element
Info: Guideline:pair_programming: 8 mini seconds publishing element
Info: Guideline:refactoring: 6 mini seconds publishing element
Info: Guideline:test_driven_development_tdd: 16 mini seconds publishing element
Info: Guideline:planning_game: 15 mini seconds publishing element
Info: CustomCategory:xp_white_papers: 6 mini seconds publishing element
Info: Whitepaper:xp_guidelines_pair_programming: 12 mini seconds publishing element
Info: Whitepaper:xp_guidelines_test-first_design_and_refactoring: 10 mini seconds publishing element
Info: Whitepaper:refactoring: 11 mini seconds publishing element
Info: CustomCategory:xp_team: 4 mini seconds publishing element
Info: RoleSet:xp_roles: 9 mini seconds publishing element
Info: Role:xp_coach: 36 mini seconds publishing element
Info: Role:xp_customer: 69 mini seconds publishing element
Info: Role:xp_programmer: 56 mini seconds publishing element
Info: Role:xp_system_administrator: 23 mini seconds publishing element
Info: Role:xp_tracker: 20 mini seconds publishing element
Info: Role:xp_tester: 23 mini seconds publishing element
Info: CustomCategory:xp_basic_roles_artifacts: 7 mini seconds publishing element
Info: CustomCategory:xp_roles_and_tasks: 6 mini seconds publishing element
Info: SupportingMaterial:xp_organization: 5 mini seconds publishing element
Info: SupportingMaterial:xp_artifacts: 6 mini seconds publishing element
Info: CustomCategory:conceptual_road_maps: 4 mini seconds publishing element
Info: Concept:extreme_programming: 8 mini seconds publishing element
Info: CustomCategory:references: 42 mini seconds publishing element
Info: SupportingMaterial:xp_and_agile_process_references: 6 mini seconds publishing element
Info: Artifact:xp_production_code: 14 mini seconds publishing element
Info: Artifact:xp_unit_test: 11 mini seconds publishing element
Info: SupportingMaterial:xp_customer_team: 5 mini seconds publishing element
Info: SupportingMaterial:xp_developer_team: 4 mini seconds publishing element
Info: Task:setup_programmer_environment: 11 mini seconds publishing element
Info: Task:refactor_code: 12 mini seconds publishing element
Info: Task:write_code: 12 mini seconds publishing element
Info: Task:update_iteration_plan: 9 mini seconds publishing element
Info: Task:define_iteration_plan: 9 mini seconds publishing element
Info: Task:define_release_plan: 11 mini seconds publishing element
Info: Task:update_release_plan: 8 mini seconds publishing element
Info: Task:adapt_and_improve_process: 7 mini seconds publishing element
Info: Task:explain_process: 6 mini seconds publishing element
Info: Task:improve_team_skills: 6 mini seconds publishing element
Info: Task:keep_process_on_track: 9 mini seconds publishing element
Info: Task:resolve_conflicts: 5 mini seconds publishing element
Info: Task:define_customer_test: 8 mini seconds publishing element
Info: Task:develop_xp_vision: 9 mini seconds publishing element
Info: Task:report_acceptance_test_result: 8 mini seconds publishing element
Info: Task:report_project_status: 8 mini seconds publishing element
Info: Task:write_user_story: 8 mini seconds publishing element
Info: Artifact:xp_user_story: 11 mini seconds publishing element
Info: Artifact:xp_iteration_plan: 10 mini seconds publishing element
Info: Artifact:xp_release_plan: 11 mini seconds publishing element
Info: Artifact:xp_vision: 10 mini seconds publishing element
Info: Concept:product_quality: 9 mini seconds publishing element
Info: Concept:test-ideas_list: 17 mini seconds publishing element
Info: Artifact:xp_customer_test: 10 mini seconds publishing element
Info: Task:breakdown_story: 8 mini seconds publishing element
Info: Task:define_coding_standard: 8 mini seconds publishing element
Info: Task:estimate_task: 7 mini seconds publishing element
Info: Task:estimate_user_story: 9 mini seconds publishing element
Info: Task:implement_spike: 7 mini seconds publishing element
Info: Task:integrate_system: 7 mini seconds publishing element
Info: Artifact:xp_coding_standard: 13 mini seconds publishing element
Info: Artifact:xp_build: 9 mini seconds publishing element
Info: Concept:developer_testing: 17 mini seconds publishing element
Info: Concept:test-first_design: 17 mini seconds publishing element
Info: Concept:test-ideas_catalog: 16 mini seconds publishing element
Info: Artifact:xp_metaphor: 8 mini seconds publishing element
Info: Task:track_task_completion: 7 mini seconds publishing element
Info: Task:track_story_completion: 5 mini seconds publishing element
Info: Task:automate_acceptance_test: 5 mini seconds publishing element
Info: Task:run_acceptance_test: 7 mini seconds publishing element
Info: Task:setup_tester_environment: 5 mini seconds publishing element
Info: Example:test-ideas_catalog_examples: 9 mini seconds publishing element
Info: Guideline:equivalence_class_analysis: 8 mini seconds publishing element
Info: Guideline:test_ideas_for_booleans_and_boundaries: 24 mini seconds publishing element
Info: Guideline:test_ideas_for_method_calls: 9 mini seconds publishing element
Info: Guideline:test_ideas_for_statechart_and_flow_diagrams: 12 mini seconds publishing element
Info: : Publishing time: 0 minutes 1 seconds
