Info: CustomCategory:abrd_view: 8 mini seconds publishing element
Info: Practice:abrd: 67 mini seconds publishing element
Info: Roadmap:how_to_adopt_abrd: 5 mini seconds publishing element
Info: Concept:cycle_approach: 20 mini seconds publishing element
Info: Concept:rdf_owl: 22 mini seconds publishing element
Info: Artifact:brms_organization_chart: 17 mini seconds publishing element
Info: Artifact:business_event_description: 12 mini seconds publishing element
Info: Artifact:business_process_map: 19 mini seconds publishing element
Info: Artifact:business_terms_glossary: 40 mini seconds publishing element
Info: Artifact:conceptual_data_model: 14 mini seconds publishing element
Info: Artifact:decision_point_table: 24 mini seconds publishing element
Info: Artifact:decision_service_architecture: 14 mini seconds publishing element
Info: Artifact:discovery_workshop_itinerary: 18 mini seconds publishing element
Info: Artifact:executable_object_model: 14 mini seconds publishing element
Info: Artifact:fact_model: 18 mini seconds publishing element
Info: Artifact:logical_data_model: 20 mini seconds publishing element
Info: Artifact:rsm_report: 9 mini seconds publishing element
Info: Artifact:rule_description_doc: 20 mini seconds publishing element
Info: Artifact:rule_discovery_roadmap: 13 mini seconds publishing element
Info: Artifact:rule_governance_actors: 9 mini seconds publishing element
Info: Artifact:rule_life_cycle: 15 mini seconds publishing element
Info: Artifact:rule_meta_properties: 27 mini seconds publishing element
Info: Artifact:rule_report: 17 mini seconds publishing element
Info: Artifact:rule_repository: 9 mini seconds publishing element
Info: Artifact:rule_repository_in_db: 13 mini seconds publishing element
Info: Artifact:rule_set_life_cycle: 5 mini seconds publishing element
Info: Artifact:ruleset: 19 mini seconds publishing element
Info: Artifact:ruleset_table: 11 mini seconds publishing element
Info: Artifact:sme_recommendations: 7 mini seconds publishing element
Info: SupportingMaterial:epf_copyright: 10 mini seconds publishing element
Info: Task:build_object_models: 10 mini seconds publishing element
Info: Task:build_rule_project_structure: 42 mini seconds publishing element
Info: Task:build_test_scenario: 10 mini seconds publishing element
Info: Task:define_data_scenario: 8 mini seconds publishing element
Info: Task:define_discovery_roadmap: 15 mini seconds publishing element
Info: Task:define_policy_change_templates: 8 mini seconds publishing element
Info: Task:define_rule_life_cycle: 11 mini seconds publishing element
Info: Task:define_ruleset: 20 mini seconds publishing element
Info: Task:define_ruleset_life_cycle: 8 mini seconds publishing element
Info: Task:define_ruleset_ownership: 7 mini seconds publishing element
Info: Task:define_ruleset_testing: 9 mini seconds publishing element
Info: Task:deploy_rules: 9 mini seconds publishing element
Info: Task:design_models_for_bre: 9 mini seconds publishing element
Info: Task:design_reference_data_integration: 12 mini seconds publishing element
Info: Task:determine_rule_implementation: 28 mini seconds publishing element
Info: Task:develop_architecture: 28 mini seconds publishing element
Info: Task:develop_organization_map: 15 mini seconds publishing element
Info: Task:develop_process_maps: 20 mini seconds publishing element
Info: Task:develop_rules: 33 mini seconds publishing element
Info: Task:develop_unit_tests: 11 mini seconds publishing element
Info: Task:enhance_object_models: 10 mini seconds publishing element
Info: Task:execute_rule_discovery_roadmap: 36 mini seconds publishing element
Info: Task:execute_rule_set: 9 mini seconds publishing element
Info: Task:execute_ruleset_functional_test: 9 mini seconds publishing element
Info: Task:extract_rule_meaning: 13 mini seconds publishing element
Info: Task:get_rule_set_reports: 8 mini seconds publishing element
Info: Task:get_sme_feedback: 9 mini seconds publishing element
Info: Task:identify_decision_point: 12 mini seconds publishing element
Info: Task:integrate_bre: 12 mini seconds publishing element
Info: Task:log_issue: 10 mini seconds publishing element
Info: Task:maintain_rules: 9 mini seconds publishing element
Info: Task:monitor_improve_process: 9 mini seconds publishing element
Info: Task:organise_workshop: 24 mini seconds publishing element
Info: Task:plan_deployment: 8 mini seconds publishing element
Info: Task:prototype_rules: 24 mini seconds publishing element
Info: Task:review_decision_point_table: 27 mini seconds publishing element
Info: Task:synchronize_data_model: 13 mini seconds publishing element
Info: Task:synchronize_with_wrms: 9 mini seconds publishing element
Info: Task:test_analysis: 22 mini seconds publishing element
Info: Task:transform_rules: 46 mini seconds publishing element
Info: Example:discover_decision_points: 32 mini seconds publishing element
Info: Example:discovery_output: 14 mini seconds publishing element
Info: Example:rule_atomicity: 9 mini seconds publishing element
Info: SupportingMaterial:phase1_diagram: 7 mini seconds publishing element
Info: SupportingMaterial:phase2_diagram: 7 mini seconds publishing element
Info: SupportingMaterial:phase3_diagram: 11 mini seconds publishing element
Info: SupportingMaterial:phase4_diagram: 11 mini seconds publishing element
Info: SupportingMaterial:phase5_diagram: 9 mini seconds publishing element
Info: SupportingMaterial:release_info_abrd: 7 mini seconds publishing element
Info: Template:bom: 25 mini seconds publishing element
Info: Template:business_glossary: 13 mini seconds publishing element
Info: Template:decision_point_table: 9 mini seconds publishing element
Info: Template:rule_discovery_invite: 11 mini seconds publishing element
Info: Template:rule_discovery_roadmap: 16 mini seconds publishing element
Info: Template:rule_set_table: 26 mini seconds publishing element
Info: Template:rule_template_for_workflow_project: 24 mini seconds publishing element
Info: Template:rule_templates: 18 mini seconds publishing element
Info: Guideline:boolean_logic: 16 mini seconds publishing element
Info: Guideline:bpmn_guide: 26 mini seconds publishing element
Info: Guideline:business_rule_classification: 17 mini seconds publishing element
Info: Guideline:decision_point: 9 mini seconds publishing element
Info: Guideline:define_rule_implementation: 16 mini seconds publishing element
Info: Guideline:discover_fact_model: 12 mini seconds publishing element
Info: Guideline:execute_rule_discovery_workshop: 18 mini seconds publishing element
Info: Guideline:jsr94: 12 mini seconds publishing element
Info: Guideline:organise_rule_discovery_workshop: 11 mini seconds publishing element
Info: Guideline:rule_delta_testing: 33 mini seconds publishing element
Info: Guideline:rule_governance_actors: 53 mini seconds publishing element
Info: Guideline:rule_management_team_mission: 9 mini seconds publishing element
Info: Guideline:sbvr: 19 mini seconds publishing element
Info: Guideline:types_of_rule_discovery: 17 mini seconds publishing element
Info: Guideline:web_service_design: 14 mini seconds publishing element
Info: Discipline:brd_disciplines: 13 mini seconds publishing element
Info: Discipline:architecture: 9 mini seconds publishing element
Info: Discipline:rule_analysis: 13 mini seconds publishing element
Info: Discipline:rule_authoring: 11 mini seconds publishing element
Info: Discipline:rule_deployment: 8 mini seconds publishing element
Info: Discipline:rule_design: 8 mini seconds publishing element
Info: Discipline:rule_governance: 18 mini seconds publishing element
Info: Discipline:rule_validation: 10 mini seconds publishing element
Info: Discipline:rule_discovery: 13 mini seconds publishing element
Info: RoleSet:brd_role_set: 10 mini seconds publishing element
Info: Role:business_analyst: 45 mini seconds publishing element
Info: Role:business_process_analyst: 35 mini seconds publishing element
Info: Role:rule_administrator: 30 mini seconds publishing element
Info: Role:rule_analyst: 124 mini seconds publishing element
Info: Role:rule_architect: 88 mini seconds publishing element
Info: Role:rule_steward: 28 mini seconds publishing element
Info: Role:rule_writer: 66 mini seconds publishing element
Info: Role:subject_matter_expert: 29 mini seconds publishing element
Info: Domain:brd_domains: 10 mini seconds publishing element
Info: Domain:architecture: 8 mini seconds publishing element
Info: Domain:rule_analysis: 5 mini seconds publishing element
Info: Domain:rule_authoring: 5 mini seconds publishing element
Info: Domain:rule_discovery: 12 mini seconds publishing element
Info: Artifact:use_case: 16 mini seconds publishing element
Info: Artifact:use_case_model: 16 mini seconds publishing element
Info: Domain:rule_governance: 6 mini seconds publishing element
Info: Artifact:rule_set_table: 33 mini seconds publishing element
Info: Domain:rule_validation: 5 mini seconds publishing element
Info: Domain:rule_deployment: 6 mini seconds publishing element
Info: Domain:rule_design: 7 mini seconds publishing element
Info: DeliveryProcess:abrd_process: 408 mini seconds publishing element
Info: DeliveryProcess:abrd_process: 132 mini seconds publishing process specific layout data
Info: Phase:Harvesting: 81 mini seconds publishing element
Info: Activity:discover_business_rules: 64 mini seconds publishing element
Info: Activity:analyze_business_rules: 54 mini seconds publishing element
Info: Phase:prototyping: 121 mini seconds publishing element
Info: Activity:discover_business_rules: 62 mini seconds publishing element
Info: Activity:analyze_business_rules: 80 mini seconds publishing element
Info: Activity:design_bre_integration: 79 mini seconds publishing element
Info: Activity:author_business_rules: 58 mini seconds publishing element
Info: Activity:develop__bre_architecture: 49 mini seconds publishing element
Info: Phase:Cycle3- Building: 123 mini seconds publishing element
Info: Activity:discover_business_rules: 53 mini seconds publishing element
Info: Activity:analyze_business_rules: 64 mini seconds publishing element
Info: Activity:design_bre_integration: 57 mini seconds publishing element
Info: Activity:author_business_rules: 52 mini seconds publishing element
Info: Activity:validate_business_rules: 81 mini seconds publishing element
Info: Phase:Cycle 4- Integrating: 73 mini seconds publishing element
Info: Activity:deploy_business_rules: 53 mini seconds publishing element
Info: Phase:Cycle 5- Enhancing: 163 mini seconds publishing element
Info: Activity:discover_business_rules: 60 mini seconds publishing element
Info: Activity:analyze_business_rules: 71 mini seconds publishing element
Info: Activity:design_bre_integration: 65 mini seconds publishing element
Info: Activity:author_business_rules: 69 mini seconds publishing element
Info: Activity:validate_business_rules: 81 mini seconds publishing element
Info: Activity:deploy_business_rules: 65 mini seconds publishing element
Info: DeliveryProcess:abrd_governance: 112 mini seconds publishing element
Info: DeliveryProcess:abrd_governance: 10 mini seconds publishing process specific layout data
Info: Phase:Set Governance Processes: 71 mini seconds publishing element
Info: Phase:Maintain Rule: 65 mini seconds publishing element
Info: TermDefinition:brms: 7 mini seconds publishing element
Info: TermDefinition:rule_engine: 9 mini seconds publishing element
Info: TermDefinition:ruleflow: 10 mini seconds publishing element
Info: TermDefinition:bom: 9 mini seconds publishing element
Info: TermDefinition:decision_service: 5 mini seconds publishing element
Info: Role:project_manager: 39 mini seconds publishing element
Info: Role:tester: 41 mini seconds publishing element
Info: TermDefinition:rule_set: 6 mini seconds publishing element
Info: Role:developer: 53 mini seconds publishing element
Info: TermDefinition:rule_life_cycle: 5 mini seconds publishing element
Info: Concept:executable_arch: 11 mini seconds publishing element
Info: Concept:software_architecture: 19 mini seconds publishing element
Info: Guideline:repres_interfaces_to_ext_systems: 9 mini seconds publishing element
Info: TermDefinition:decision_table: 5 mini seconds publishing element
Info: TermDefinition:decision_tree: 4 mini seconds publishing element
Info: TermDefinition:decision_point: 6 mini seconds publishing element
Info: SupportingMaterial:intellectual_property_notices: 5 mini seconds publishing element
Info: Domain:requirements_domain: 8 mini seconds publishing element
Info: Template:use_case_specification: 11 mini seconds publishing element
Info: Example:use_case_spec: 12 mini seconds publishing element
Info: Checklist:use_case: 22 mini seconds publishing element
Info: Concept:use_case: 25 mini seconds publishing element
Info: Example:uc_model_evolve: 12 mini seconds publishing element
Info: Checklist:use_case_model: 19 mini seconds publishing element
Info: Concept:actor: 15 mini seconds publishing element
Info: Concept:use_case_model: 15 mini seconds publishing element
Info: TaskDescriptor:identify_decision_point: 16 mini seconds publishing element
Info: TaskDescriptor:review_decision_point_table: 30 mini seconds publishing element
Info: TaskDescriptor:define_discovery_roadmap: 18 mini seconds publishing element
Info: TaskDescriptor:organise_workshop: 20 mini seconds publishing element
Info: TaskDescriptor:execute_rule_discovery_roadmap: 40 mini seconds publishing element
Info: TaskDescriptor:extract_rule_meaning: 17 mini seconds publishing element
Info: TaskDescriptor:transform_rules: 44 mini seconds publishing element
Info: TaskDescriptor:build_test_scenario: 11 mini seconds publishing element
Info: TaskDescriptor:synchronize_data_model: 13 mini seconds publishing element
Info: TaskDescriptor:execute_rule_discovery_roadmap: 27 mini seconds publishing element
Info: TaskDescriptor:extract_rule_meaning: 11 mini seconds publishing element
Info: TaskDescriptor:transform_rules: 39 mini seconds publishing element
Info: TaskDescriptor:build_test_scenario: 8 mini seconds publishing element
Info: TaskDescriptor:synchronize_data_model: 22 mini seconds publishing element
Info: TaskDescriptor:determine_rule_implementation: 27 mini seconds publishing element
Info: TaskDescriptor:define_ruleset: 19 mini seconds publishing element
Info: TaskDescriptor:build_object_models: 10 mini seconds publishing element
Info: TaskDescriptor:build_rule_project_structure: 54 mini seconds publishing element
Info: TaskDescriptor:prototype_rules: 29 mini seconds publishing element
Info: TaskDescriptor:define_ruleset_testing: 9 mini seconds publishing element
Info: TaskDescriptor:develop_unit_tests: 9 mini seconds publishing element
Info: TaskDescriptor:develop_rules: 21 mini seconds publishing element
Info: TaskDescriptor:enhance_object_models: 8 mini seconds publishing element
Info: TaskDescriptor:execute_rule_set: 9 mini seconds publishing element
Info: TaskDescriptor:log_issue: 8 mini seconds publishing element
Info: TaskDescriptor:develop_architecture: 28 mini seconds publishing element
Info: TaskDescriptor:design_reference_data_integration: 10 mini seconds publishing element
Info: TaskDescriptor:design_models_for_bre: 10 mini seconds publishing element
Info: TaskDescriptor:integrate_bre: 11 mini seconds publishing element
Info: TaskDescriptor:execute_rule_discovery_roadmap: 35 mini seconds publishing element
Info: TaskDescriptor:transform_rules: 36 mini seconds publishing element
Info: TaskDescriptor:build_test_scenario: 10 mini seconds publishing element
Info: TaskDescriptor:synchronize_data_model: 15 mini seconds publishing element
Info: TaskDescriptor:determine_rule_implementation: 50 mini seconds publishing element
Info: TaskDescriptor:develop_unit_tests: 8 mini seconds publishing element
Info: TaskDescriptor:develop_rules: 26 mini seconds publishing element
Info: TaskDescriptor:enhance_object_models: 9 mini seconds publishing element
Info: TaskDescriptor:execute_rule_set: 10 mini seconds publishing element
Info: TaskDescriptor:log_issue: 8 mini seconds publishing element
Info: TaskDescriptor:define_ruleset_testing: 11 mini seconds publishing element
Info: TaskDescriptor:define_data_scenario: 11 mini seconds publishing element
Info: TaskDescriptor:execute_ruleset_functional_test: 16 mini seconds publishing element
Info: TaskDescriptor:get_rule_set_reports: 15 mini seconds publishing element
Info: TaskDescriptor:get_sme_feedback: 10 mini seconds publishing element
Info: TaskDescriptor:test_analysis: 21 mini seconds publishing element
Info: TaskDescriptor:deploy_rules: 16 mini seconds publishing element
Info: TaskDescriptor:synchronize_with_wrms: 10 mini seconds publishing element
Info: TaskDescriptor:execute_rule_discovery_roadmap: 43 mini seconds publishing element
Info: TaskDescriptor:extract_rule_meaning: 18 mini seconds publishing element
Info: TaskDescriptor:transform_rules: 40 mini seconds publishing element
Info: TaskDescriptor:build_test_scenario: 11 mini seconds publishing element
Info: TaskDescriptor:synchronize_data_model: 16 mini seconds publishing element
Info: TaskDescriptor:determine_rule_implementation: 39 mini seconds publishing element
Info: TaskDescriptor:develop_unit_tests: 11 mini seconds publishing element
Info: TaskDescriptor:develop_rules: 32 mini seconds publishing element
Info: TaskDescriptor:enhance_object_models: 10 mini seconds publishing element
Info: TaskDescriptor:execute_rule_set: 14 mini seconds publishing element
Info: TaskDescriptor:log_issue: 16 mini seconds publishing element
Info: TaskDescriptor:execute_ruleset_functional_test: 10 mini seconds publishing element
Info: TaskDescriptor:get_rule_set_reports: 18 mini seconds publishing element
Info: TaskDescriptor:get_sme_feedback: 13 mini seconds publishing element
Info: TaskDescriptor:test_analysis: 18 mini seconds publishing element
Info: TaskDescriptor:deploy_rules: 15 mini seconds publishing element
Info: TaskDescriptor:synchronize_with_wrms: 12 mini seconds publishing element
Info: RoleDescriptor:business_analyst: 17 mini seconds publishing element
Info: RoleDescriptor:business_process_analyst: 13 mini seconds publishing element
Info: RoleDescriptor:developer: 13 mini seconds publishing element
Info: RoleDescriptor:project_manager: 18 mini seconds publishing element
Info: RoleDescriptor:rule_administrator: 11 mini seconds publishing element
Info: RoleDescriptor:rule_analyst: 23 mini seconds publishing element
Info: RoleDescriptor:rule_architect: 15 mini seconds publishing element
Info: RoleDescriptor:rule_writer: 11 mini seconds publishing element
Info: RoleDescriptor:subject_matter_expert: 15 mini seconds publishing element
Info: RoleDescriptor:tester: 13 mini seconds publishing element
Info: WorkProductDescriptor:business_event_description: 15 mini seconds publishing element
Info: WorkProductDescriptor:business_process_map: 13 mini seconds publishing element
Info: WorkProductDescriptor:business_terms_glossary: 29 mini seconds publishing element
Info: WorkProductDescriptor:conceptual_data_model: 13 mini seconds publishing element
Info: WorkProductDescriptor:decision_point_table: 20 mini seconds publishing element
Info: WorkProductDescriptor:decision_service_architecture: 11 mini seconds publishing element
Info: WorkProductDescriptor:executable_object_model: 11 mini seconds publishing element
Info: WorkProductDescriptor:fact_model: 9 mini seconds publishing element
Info: WorkProductDescriptor:logical_data_model: 16 mini seconds publishing element
Info: WorkProductDescriptor:rsm_report: 10 mini seconds publishing element
Info: WorkProductDescriptor:rule_description_doc: 19 mini seconds publishing element
Info: WorkProductDescriptor:rule_discovery_roadmap: 13 mini seconds publishing element
Info: WorkProductDescriptor:discovery_workshop_itinerary: 21 mini seconds publishing element
Info: WorkProductDescriptor:rule_life_cycle: 11 mini seconds publishing element
Info: WorkProductDescriptor:rule_meta_properties: 22 mini seconds publishing element
Info: WorkProductDescriptor:rule_report: 10 mini seconds publishing element
Info: WorkProductDescriptor:rule_repository: 15 mini seconds publishing element
Info: WorkProductDescriptor:rule_repository_in_db: 8 mini seconds publishing element
Info: WorkProductDescriptor:ruleset: 16 mini seconds publishing element
Info: WorkProductDescriptor:ruleset_table: 9 mini seconds publishing element
Info: WorkProductDescriptor:sme_recommendations: 11 mini seconds publishing element
Info: WorkProductDescriptor:use_case: 12 mini seconds publishing element
Info: WorkProductDescriptor:use_case_model: 14 mini seconds publishing element
Info: RoleDescriptor:business_analyst: 15 mini seconds publishing element
Info: RoleDescriptor:rule_analyst: 20 mini seconds publishing element
Info: RoleDescriptor:subject_matter_expert: 12 mini seconds publishing element
Info: WorkProductDescriptor:business_terms_glossary: 20 mini seconds publishing element
Info: WorkProductDescriptor:conceptual_data_model: 11 mini seconds publishing element
Info: WorkProductDescriptor:decision_point_table: 26 mini seconds publishing element
Info: WorkProductDescriptor:fact_model: 18 mini seconds publishing element
Info: WorkProductDescriptor:logical_data_model: 24 mini seconds publishing element
Info: WorkProductDescriptor:rule_description_doc: 25 mini seconds publishing element
Info: WorkProductDescriptor:rule_discovery_roadmap: 12 mini seconds publishing element
Info: WorkProductDescriptor:discovery_workshop_itinerary: 27 mini seconds publishing element
Info: WorkProductDescriptor:rule_life_cycle: 21 mini seconds publishing element
Info: WorkProductDescriptor:rule_meta_properties: 25 mini seconds publishing element
Info: WorkProductDescriptor:ruleset_table: 11 mini seconds publishing element
Info: RoleDescriptor:business_analyst: 16 mini seconds publishing element
Info: RoleDescriptor:business_process_analyst: 11 mini seconds publishing element
Info: RoleDescriptor:rule_analyst: 27 mini seconds publishing element
Info: RoleDescriptor:subject_matter_expert: 12 mini seconds publishing element
Info: WorkProductDescriptor:business_process_map: 12 mini seconds publishing element
Info: WorkProductDescriptor:business_terms_glossary: 26 mini seconds publishing element
Info: WorkProductDescriptor:conceptual_data_model: 14 mini seconds publishing element
Info: WorkProductDescriptor:decision_point_table: 23 mini seconds publishing element
Info: WorkProductDescriptor:fact_model: 10 mini seconds publishing element
Info: WorkProductDescriptor:logical_data_model: 10 mini seconds publishing element
Info: WorkProductDescriptor:rule_description_doc: 14 mini seconds publishing element
Info: WorkProductDescriptor:rule_discovery_roadmap: 10 mini seconds publishing element
Info: WorkProductDescriptor:discovery_workshop_itinerary: 15 mini seconds publishing element
Info: WorkProductDescriptor:rule_life_cycle: 18 mini seconds publishing element
Info: WorkProductDescriptor:rule_meta_properties: 24 mini seconds publishing element
Info: WorkProductDescriptor:ruleset_table: 8 mini seconds publishing element
Info: WorkProductDescriptor:use_case_model: 9 mini seconds publishing element
Info: RoleDescriptor:business_analyst: 17 mini seconds publishing element
Info: RoleDescriptor:rule_analyst: 22 mini seconds publishing element
Info: RoleDescriptor:subject_matter_expert: 11 mini seconds publishing element
Info: WorkProductDescriptor:business_terms_glossary: 13 mini seconds publishing element
Info: WorkProductDescriptor:conceptual_data_model: 9 mini seconds publishing element
Info: WorkProductDescriptor:decision_point_table: 13 mini seconds publishing element
Info: WorkProductDescriptor:fact_model: 19 mini seconds publishing element
Info: WorkProductDescriptor:logical_data_model: 17 mini seconds publishing element
Info: WorkProductDescriptor:rule_description_doc: 16 mini seconds publishing element
Info: WorkProductDescriptor:rule_discovery_roadmap: 11 mini seconds publishing element
Info: WorkProductDescriptor:discovery_workshop_itinerary: 17 mini seconds publishing element
Info: WorkProductDescriptor:rule_life_cycle: 11 mini seconds publishing element
Info: WorkProductDescriptor:rule_meta_properties: 19 mini seconds publishing element
Info: WorkProductDescriptor:ruleset_table: 7 mini seconds publishing element
Info: RoleDescriptor:rule_analyst: 16 mini seconds publishing element
Info: WorkProductDescriptor:business_terms_glossary: 13 mini seconds publishing element
Info: WorkProductDescriptor:conceptual_data_model: 8 mini seconds publishing element
Info: WorkProductDescriptor:decision_point_table: 15 mini seconds publishing element
Info: WorkProductDescriptor:fact_model: 9 mini seconds publishing element
Info: WorkProductDescriptor:logical_data_model: 9 mini seconds publishing element
Info: WorkProductDescriptor:rule_description_doc: 12 mini seconds publishing element
Info: WorkProductDescriptor:rule_discovery_roadmap: 16 mini seconds publishing element
Info: WorkProductDescriptor:discovery_workshop_itinerary: 17 mini seconds publishing element
Info: WorkProductDescriptor:rule_life_cycle: 10 mini seconds publishing element
Info: WorkProductDescriptor:rule_meta_properties: 19 mini seconds publishing element
Info: WorkProductDescriptor:ruleset_table: 8 mini seconds publishing element
Info: RoleDescriptor:developer: 10 mini seconds publishing element
Info: RoleDescriptor:rule_architect: 10 mini seconds publishing element
Info: RoleDescriptor:rule_writer: 14 mini seconds publishing element
Info: WorkProductDescriptor:decision_service_architecture: 9 mini seconds publishing element
Info: WorkProductDescriptor:executable_object_model: 7 mini seconds publishing element
Info: WorkProductDescriptor:rule_report: 13 mini seconds publishing element
Info: WorkProductDescriptor:rule_repository: 13 mini seconds publishing element
Info: WorkProductDescriptor:rule_repository_in_db: 9 mini seconds publishing element
Info: WorkProductDescriptor:ruleset: 11 mini seconds publishing element
Info: RoleDescriptor:rule_architect: 14 mini seconds publishing element
Info: WorkProductDescriptor:decision_point_table: 12 mini seconds publishing element
Info: WorkProductDescriptor:decision_service_architecture: 20 mini seconds publishing element
Info: WorkProductDescriptor:executable_object_model: 8 mini seconds publishing element
Info: WorkProductDescriptor:fact_model: 10 mini seconds publishing element
Info: WorkProductDescriptor:logical_data_model: 16 mini seconds publishing element
Info: RoleDescriptor:business_analyst: 9 mini seconds publishing element
Info: RoleDescriptor:business_process_analyst: 8 mini seconds publishing element
Info: RoleDescriptor:developer: 12 mini seconds publishing element
Info: RoleDescriptor:rule_analyst: 15 mini seconds publishing element
Info: RoleDescriptor:rule_architect: 15 mini seconds publishing element
Info: RoleDescriptor:rule_writer: 14 mini seconds publishing element
Info: RoleDescriptor:subject_matter_expert: 11 mini seconds publishing element
Info: WorkProductDescriptor:business_process_map: 10 mini seconds publishing element
Info: WorkProductDescriptor:business_terms_glossary: 26 mini seconds publishing element
Info: WorkProductDescriptor:conceptual_data_model: 10 mini seconds publishing element
Info: WorkProductDescriptor:decision_point_table: 15 mini seconds publishing element
Info: WorkProductDescriptor:decision_service_architecture: 15 mini seconds publishing element
Info: WorkProductDescriptor:executable_object_model: 10 mini seconds publishing element
Info: WorkProductDescriptor:fact_model: 8 mini seconds publishing element
Info: WorkProductDescriptor:logical_data_model: 13 mini seconds publishing element
Info: WorkProductDescriptor:rule_description_doc: 16 mini seconds publishing element
Info: WorkProductDescriptor:rule_discovery_roadmap: 12 mini seconds publishing element
Info: WorkProductDescriptor:discovery_workshop_itinerary: 18 mini seconds publishing element
Info: WorkProductDescriptor:rule_life_cycle: 12 mini seconds publishing element
Info: WorkProductDescriptor:rule_meta_properties: 33 mini seconds publishing element
Info: WorkProductDescriptor:rule_report: 9 mini seconds publishing element
Info: WorkProductDescriptor:rule_repository: 14 mini seconds publishing element
Info: WorkProductDescriptor:rule_repository_in_db: 9 mini seconds publishing element
Info: WorkProductDescriptor:ruleset: 21 mini seconds publishing element
Info: WorkProductDescriptor:ruleset_table: 13 mini seconds publishing element
Info: WorkProductDescriptor:use_case_model: 15 mini seconds publishing element
Info: RoleDescriptor:business_analyst: 13 mini seconds publishing element
Info: RoleDescriptor:rule_analyst: 19 mini seconds publishing element
Info: RoleDescriptor:subject_matter_expert: 9 mini seconds publishing element
Info: WorkProductDescriptor:business_terms_glossary: 13 mini seconds publishing element
Info: WorkProductDescriptor:conceptual_data_model: 8 mini seconds publishing element
Info: WorkProductDescriptor:decision_point_table: 12 mini seconds publishing element
Info: WorkProductDescriptor:fact_model: 14 mini seconds publishing element
Info: WorkProductDescriptor:logical_data_model: 17 mini seconds publishing element
Info: WorkProductDescriptor:rule_description_doc: 26 mini seconds publishing element
Info: WorkProductDescriptor:rule_discovery_roadmap: 9 mini seconds publishing element
Info: WorkProductDescriptor:discovery_workshop_itinerary: 22 mini seconds publishing element
Info: WorkProductDescriptor:rule_life_cycle: 12 mini seconds publishing element
Info: WorkProductDescriptor:rule_meta_properties: 23 mini seconds publishing element
Info: WorkProductDescriptor:ruleset_table: 10 mini seconds publishing element
Info: RoleDescriptor:rule_analyst: 14 mini seconds publishing element
Info: WorkProductDescriptor:business_terms_glossary: 15 mini seconds publishing element
Info: WorkProductDescriptor:conceptual_data_model: 11 mini seconds publishing element
Info: WorkProductDescriptor:decision_point_table: 13 mini seconds publishing element
Info: WorkProductDescriptor:fact_model: 10 mini seconds publishing element
Info: WorkProductDescriptor:logical_data_model: 17 mini seconds publishing element
Info: WorkProductDescriptor:rule_description_doc: 12 mini seconds publishing element
Info: WorkProductDescriptor:rule_discovery_roadmap: 12 mini seconds publishing element
Info: WorkProductDescriptor:discovery_workshop_itinerary: 20 mini seconds publishing element
Info: WorkProductDescriptor:rule_life_cycle: 12 mini seconds publishing element
Info: WorkProductDescriptor:rule_meta_properties: 29 mini seconds publishing element
Info: WorkProductDescriptor:ruleset_table: 8 mini seconds publishing element
Info: RoleDescriptor:rule_analyst: 24 mini seconds publishing element
Info: RoleDescriptor:rule_architect: 12 mini seconds publishing element
Info: WorkProductDescriptor:business_terms_glossary: 16 mini seconds publishing element
Info: WorkProductDescriptor:conceptual_data_model: 10 mini seconds publishing element
Info: WorkProductDescriptor:decision_point_table: 15 mini seconds publishing element
Info: WorkProductDescriptor:decision_service_architecture: 12 mini seconds publishing element
Info: WorkProductDescriptor:executable_object_model: 9 mini seconds publishing element
Info: WorkProductDescriptor:fact_model: 16 mini seconds publishing element
Info: WorkProductDescriptor:logical_data_model: 17 mini seconds publishing element
Info: WorkProductDescriptor:rule_description_doc: 12 mini seconds publishing element
Info: WorkProductDescriptor:rule_discovery_roadmap: 14 mini seconds publishing element
Info: WorkProductDescriptor:discovery_workshop_itinerary: 14 mini seconds publishing element
Info: WorkProductDescriptor:rule_life_cycle: 14 mini seconds publishing element
Info: WorkProductDescriptor:rule_meta_properties: 23 mini seconds publishing element
Info: WorkProductDescriptor:rule_report: 12 mini seconds publishing element
Info: WorkProductDescriptor:ruleset: 9 mini seconds publishing element
Info: WorkProductDescriptor:ruleset_table: 9 mini seconds publishing element
Info: RoleDescriptor:rule_writer: 24 mini seconds publishing element
Info: WorkProductDescriptor:rule_report: 10 mini seconds publishing element
Info: WorkProductDescriptor:rule_repository: 14 mini seconds publishing element
Info: WorkProductDescriptor:rule_repository_in_db: 11 mini seconds publishing element
Info: WorkProductDescriptor:ruleset: 14 mini seconds publishing element
Info: RoleDescriptor:business_analyst: 10 mini seconds publishing element
Info: RoleDescriptor:business_process_analyst: 11 mini seconds publishing element
Info: RoleDescriptor:developer: 13 mini seconds publishing element
Info: RoleDescriptor:rule_administrator: 19 mini seconds publishing element
Info: RoleDescriptor:rule_analyst: 18 mini seconds publishing element
Info: RoleDescriptor:rule_architect: 18 mini seconds publishing element
Info: RoleDescriptor:rule_writer: 18 mini seconds publishing element
Info: RoleDescriptor:subject_matter_expert: 13 mini seconds publishing element
Info: RoleDescriptor:tester: 13 mini seconds publishing element
Info: WorkProductDescriptor:business_process_map: 10 mini seconds publishing element
Info: WorkProductDescriptor:business_terms_glossary: 21 mini seconds publishing element
Info: WorkProductDescriptor:conceptual_data_model: 11 mini seconds publishing element
Info: WorkProductDescriptor:decision_point_table: 15 mini seconds publishing element
Info: WorkProductDescriptor:decision_service_architecture: 11 mini seconds publishing element
Info: WorkProductDescriptor:executable_object_model: 11 mini seconds publishing element
Info: WorkProductDescriptor:fact_model: 14 mini seconds publishing element
Info: WorkProductDescriptor:logical_data_model: 18 mini seconds publishing element
Info: WorkProductDescriptor:rsm_report: 10 mini seconds publishing element
Info: WorkProductDescriptor:rule_description_doc: 15 mini seconds publishing element
Info: WorkProductDescriptor:rule_discovery_roadmap: 12 mini seconds publishing element
Info: WorkProductDescriptor:discovery_workshop_itinerary: 29 mini seconds publishing element
Info: WorkProductDescriptor:rule_life_cycle: 11 mini seconds publishing element
Info: WorkProductDescriptor:rule_meta_properties: 31 mini seconds publishing element
Info: WorkProductDescriptor:rule_report: 14 mini seconds publishing element
Info: WorkProductDescriptor:rule_repository: 9 mini seconds publishing element
Info: WorkProductDescriptor:rule_repository_in_db: 8 mini seconds publishing element
Info: WorkProductDescriptor:ruleset: 12 mini seconds publishing element
Info: WorkProductDescriptor:ruleset_table: 11 mini seconds publishing element
Info: WorkProductDescriptor:sme_recommendations: 10 mini seconds publishing element
Info: WorkProductDescriptor:use_case_model: 11 mini seconds publishing element
Info: RoleDescriptor:business_analyst: 13 mini seconds publishing element
Info: RoleDescriptor:rule_analyst: 19 mini seconds publishing element
Info: RoleDescriptor:subject_matter_expert: 11 mini seconds publishing element
Info: WorkProductDescriptor:business_terms_glossary: 14 mini seconds publishing element
Info: WorkProductDescriptor:conceptual_data_model: 12 mini seconds publishing element
Info: WorkProductDescriptor:decision_point_table: 13 mini seconds publishing element
Info: WorkProductDescriptor:fact_model: 18 mini seconds publishing element
Info: WorkProductDescriptor:logical_data_model: 18 mini seconds publishing element
Info: WorkProductDescriptor:rule_description_doc: 16 mini seconds publishing element
Info: WorkProductDescriptor:rule_discovery_roadmap: 9 mini seconds publishing element
Info: WorkProductDescriptor:discovery_workshop_itinerary: 14 mini seconds publishing element
Info: WorkProductDescriptor:rule_life_cycle: 11 mini seconds publishing element
Info: WorkProductDescriptor:rule_meta_properties: 43 mini seconds publishing element
Info: WorkProductDescriptor:ruleset_table: 8 mini seconds publishing element
Info: RoleDescriptor:rule_analyst: 15 mini seconds publishing element
Info: WorkProductDescriptor:business_terms_glossary: 13 mini seconds publishing element
Info: WorkProductDescriptor:conceptual_data_model: 13 mini seconds publishing element
Info: WorkProductDescriptor:decision_point_table: 13 mini seconds publishing element
Info: WorkProductDescriptor:fact_model: 10 mini seconds publishing element
Info: WorkProductDescriptor:logical_data_model: 9 mini seconds publishing element
Info: WorkProductDescriptor:rule_description_doc: 11 mini seconds publishing element
Info: WorkProductDescriptor:rule_discovery_roadmap: 15 mini seconds publishing element
Info: WorkProductDescriptor:discovery_workshop_itinerary: 26 mini seconds publishing element
Info: WorkProductDescriptor:rule_life_cycle: 21 mini seconds publishing element
Info: WorkProductDescriptor:rule_meta_properties: 21 mini seconds publishing element
Info: WorkProductDescriptor:ruleset_table: 8 mini seconds publishing element
Info: RoleDescriptor:rule_analyst: 16 mini seconds publishing element
Info: WorkProductDescriptor:business_terms_glossary: 15 mini seconds publishing element
Info: WorkProductDescriptor:conceptual_data_model: 13 mini seconds publishing element
Info: WorkProductDescriptor:decision_point_table: 13 mini seconds publishing element
Info: WorkProductDescriptor:fact_model: 9 mini seconds publishing element
Info: WorkProductDescriptor:logical_data_model: 9 mini seconds publishing element
Info: WorkProductDescriptor:rule_description_doc: 11 mini seconds publishing element
Info: WorkProductDescriptor:rule_discovery_roadmap: 11 mini seconds publishing element
Info: WorkProductDescriptor:discovery_workshop_itinerary: 25 mini seconds publishing element
Info: WorkProductDescriptor:rule_life_cycle: 14 mini seconds publishing element
Info: WorkProductDescriptor:rule_meta_properties: 22 mini seconds publishing element
Info: WorkProductDescriptor:rule_report: 13 mini seconds publishing element
Info: WorkProductDescriptor:ruleset: 13 mini seconds publishing element
Info: WorkProductDescriptor:ruleset_table: 12 mini seconds publishing element
Info: RoleDescriptor:rule_writer: 19 mini seconds publishing element
Info: WorkProductDescriptor:rule_report: 8 mini seconds publishing element
Info: WorkProductDescriptor:rule_repository: 13 mini seconds publishing element
Info: WorkProductDescriptor:rule_repository_in_db: 15 mini seconds publishing element
Info: WorkProductDescriptor:ruleset: 21 mini seconds publishing element
Info: TaskDescriptor:develop_organization_map: 19 mini seconds publishing element
Info: TaskDescriptor:define_ruleset_ownership: 8 mini seconds publishing element
Info: TaskDescriptor:define_policy_change_templates: 9 mini seconds publishing element
Info: TaskDescriptor:define_rule_life_cycle: 17 mini seconds publishing element
Info: TaskDescriptor:define_ruleset_life_cycle: 17 mini seconds publishing element
Info: TaskDescriptor:plan_deployment: 12 mini seconds publishing element
Info: TaskDescriptor:develop_process_maps: 21 mini seconds publishing element
Info: TaskDescriptor:monitor_improve_process: 10 mini seconds publishing element
Info: TaskDescriptor:maintain_rules: 13 mini seconds publishing element
Info: RoleDescriptor:business_analyst: 10 mini seconds publishing element
Info: RoleDescriptor:rule_administrator: 9 mini seconds publishing element
Info: RoleDescriptor:rule_analyst: 15 mini seconds publishing element
Info: RoleDescriptor:rule_architect: 27 mini seconds publishing element
Info: RoleDescriptor:rule_steward: 12 mini seconds publishing element
Info: RoleDescriptor:rule_writer: 12 mini seconds publishing element
Info: RoleDescriptor:subject_matter_expert: 9 mini seconds publishing element
Info: WorkProductDescriptor:business_terms_glossary: 15 mini seconds publishing element
Info: WorkProductDescriptor:conceptual_data_model: 14 mini seconds publishing element
Info: WorkProductDescriptor:decision_point_table: 17 mini seconds publishing element
Info: WorkProductDescriptor:decision_service_architecture: 10 mini seconds publishing element
Info: WorkProductDescriptor:executable_object_model: 8 mini seconds publishing element
Info: WorkProductDescriptor:fact_model: 11 mini seconds publishing element
Info: WorkProductDescriptor:logical_data_model: 9 mini seconds publishing element
Info: WorkProductDescriptor:brms_organization_chart: 16 mini seconds publishing element
Info: WorkProductDescriptor:rule_description_doc: 12 mini seconds publishing element
Info: WorkProductDescriptor:rule_discovery_roadmap: 12 mini seconds publishing element
Info: WorkProductDescriptor:discovery_workshop_itinerary: 16 mini seconds publishing element
Info: WorkProductDescriptor:rule_governance_actors: 18 mini seconds publishing element
Info: WorkProductDescriptor:rule_life_cycle: 12 mini seconds publishing element
Info: WorkProductDescriptor:rule_meta_properties: 21 mini seconds publishing element
Info: WorkProductDescriptor:rule_report: 10 mini seconds publishing element
Info: WorkProductDescriptor:rule_repository: 10 mini seconds publishing element
Info: WorkProductDescriptor:rule_repository_in_db: 13 mini seconds publishing element
Info: WorkProductDescriptor:ruleset: 14 mini seconds publishing element
Info: WorkProductDescriptor:ruleset_table: 8 mini seconds publishing element
Info: RoleDescriptor:rule_analyst: 17 mini seconds publishing element
Info: WorkProductDescriptor:business_terms_glossary: 15 mini seconds publishing element
Info: WorkProductDescriptor:conceptual_data_model: 14 mini seconds publishing element
Info: WorkProductDescriptor:decision_point_table: 13 mini seconds publishing element
Info: WorkProductDescriptor:fact_model: 11 mini seconds publishing element
Info: WorkProductDescriptor:logical_data_model: 14 mini seconds publishing element
Info: WorkProductDescriptor:rule_description_doc: 14 mini seconds publishing element
Info: WorkProductDescriptor:rule_discovery_roadmap: 16 mini seconds publishing element
Info: WorkProductDescriptor:discovery_workshop_itinerary: 25 mini seconds publishing element
Info: WorkProductDescriptor:rule_life_cycle: 15 mini seconds publishing element
Info: WorkProductDescriptor:rule_meta_properties: 22 mini seconds publishing element
Info: WorkProductDescriptor:ruleset_table: 9 mini seconds publishing element
Info: RoleSet:basic_role_set: 8 mini seconds publishing element
Info: Concept:arch_significant_requirements: 9 mini seconds publishing element
Info: SupportingMaterial:references: 35 mini seconds publishing element
Info: Concept:arch_mechanism: 19 mini seconds publishing element
Info: Concept:pattern: 14 mini seconds publishing element
Info: Concept:arch_goals: 11 mini seconds publishing element
Info: Concept:arch_constraints: 6 mini seconds publishing element
Info: Concept:key_abstractions: 6 mini seconds publishing element
Info: Guideline:layering: 9 mini seconds publishing element
Info: Concept:component: 11 mini seconds publishing element
Info: Guideline:software_reuse: 12 mini seconds publishing element
Info: Concept:arch_views_viewpoints: 9 mini seconds publishing element
Info: Guideline:entity_control_boundary_pattern: 14 mini seconds publishing element
Info: Example:decision_table: 13 mini seconds publishing element
Info: Example:decision_tree: 9 mini seconds publishing element
Info: Concept:requirements: 10 mini seconds publishing element
Info: Example:uc_deposit_funds_outline: 6 mini seconds publishing element
Info: Example:uc_model_elaboration_phase: 11 mini seconds publishing element
Info: Example:uc_model_inception_phase: 10 mini seconds publishing element
Info: Example:uc_spec_validate_user: 7 mini seconds publishing element
Info: Example:uc_transfer_funds_outline: 6 mini seconds publishing element
Info: Example:uc_withdraw_cash_outline: 7 mini seconds publishing element
Info: TermDefinition:role: 8 mini seconds publishing element
Info: Concept:analysis_mechanism: 10 mini seconds publishing element
Info: Concept:design_mechanism: 8 mini seconds publishing element
Info: Example:architectural_mechanism_attributes: 7 mini seconds publishing element
Info: Concept:implementation_mechanism: 14 mini seconds publishing element
Info: Guideline:example_design_mechanisms: 41 mini seconds publishing element
Info: Guideline:identify_common_architectural_mechanisms: 8 mini seconds publishing element
Info: Concept:refactoring: 12 mini seconds publishing element
Info: Example:four_plus_one_view_of_arch: 11 mini seconds publishing element
Info: : Publishing time: 0 minutes 17 seconds
